
*** Running vivado
    with args -log cordic_rst_ps7_0_50M_0.vds -m64 -product Vivado -mode batch -messageDb vivado.pb -notrace -source cordic_rst_ps7_0_50M_0.tcl


****** Vivado v2024.2 (64-bit)
  **** SW Build 5239630 on Fri Nov 08 22:34:34 MST 2024
  **** IP Build 5239520 on Sun Nov 10 16:12:51 MST 2024
  **** SharedData Build 5239561 on Fri Nov 08 14:39:27 MST 2024
  **** Start of session at: Mon Oct 20 21:12:53 2025
    ** Copyright 1986-2022 Xilinx, Inc. All Rights Reserved.
    ** Copyright 2022-2024 Advanced Micro Devices, Inc. All Rights Reserved.

source cordic_rst_ps7_0_50M_0.tcl -notrace
create_project: Time (s): cpu = 00:00:09 ; elapsed = 00:00:09 . Memory (MB): peak = 1494.961 ; gain = 58.879 ; free physical = 45537 ; free virtual = 56384
INFO: [IP_Flow 19-234] Refreshing IP repositories
INFO: [IP_Flow 19-1700] Loaded user IP repository '/home/linux/ieng6/students/162/mak025/Read_the_docs/project_files/project2/cordic/HLS/cordic_3a_lab/cordiccart2pol.comp/hls/impl/ip'.
INFO: [IP_Flow 19-2313] Loaded Vivado IP repository '/software/common/Xilinx_Vitis/Vivado/2024.2/data/ip'.
INFO: [IP_Flow 19-6924] IPCACHE: Running cache check for IP inst: cordic_rst_ps7_0_50M_0
Command: synth_design -top cordic_rst_ps7_0_50M_0 -part xc7z020clg400-1 -incremental_mode off -mode out_of_context
Starting synth_design
Attempting to get a license for feature 'Synthesis' and/or device 'xc7z020'
INFO: [Common 17-349] Got license for feature 'Synthesis' and/or device 'xc7z020'
INFO: [Device 21-403] Loading part xc7z020clg400-1
INFO: [Synth 8-7079] Multithreading enabled for synth_design using a maximum of 7 processes.
INFO: [Synth 8-7078] Launching helper process for spawning children vivado processes
INFO: [Synth 8-7075] Helper process launched with PID 3003797
---------------------------------------------------------------------------------
Starting RTL Elaboration : Time (s): cpu = 00:00:06 ; elapsed = 00:00:07 . Memory (MB): peak = 2140.512 ; gain = 420.797 ; free physical = 41902 ; free virtual = 52781
---------------------------------------------------------------------------------
INFO: [Synth 8-638] synthesizing module 'cordic_rst_ps7_0_50M_0' [/home/linux/ieng6/students/162/mak025/Read_the_docs/project_files/project2/cordic/HLS/cordic_3a_lab/cordic/cordic.gen/sources_1/bd/cordic/ip/cordic_rst_ps7_0_50M_0/synth/cordic_rst_ps7_0_50M_0.vhd:74]
	Parameter C_FAMILY bound to: zynq - type: string 
	Parameter C_EXT_RST_WIDTH bound to: 4 - type: integer 
	Parameter C_AUX_RST_WIDTH bound to: 4 - type: integer 
	Parameter C_EXT_RESET_HIGH bound to: 1'b0 
	Parameter C_AUX_RESET_HIGH bound to: 1'b0 
	Parameter C_NUM_BUS_RST bound to: 1 - type: integer 
	Parameter C_NUM_PERP_RST bound to: 1 - type: integer 
	Parameter C_NUM_INTERCONNECT_ARESETN bound to: 1 - type: integer 
	Parameter C_NUM_PERP_ARESETN bound to: 1 - type: integer 
INFO: [Synth 8-3491] module 'proc_sys_reset' declared at '/home/linux/ieng6/students/162/mak025/Read_the_docs/project_files/project2/cordic/HLS/cordic_3a_lab/cordic/cordic.gen/sources_1/bd/cordic/ipshared/0831/hdl/proc_sys_reset_v5_0_vh_rfs.vhd:1271' bound to instance 'U0' of component 'proc_sys_reset' [/home/linux/ieng6/students/162/mak025/Read_the_docs/project_files/project2/cordic/HLS/cordic_3a_lab/cordic/cordic.gen/sources_1/bd/cordic/ip/cordic_rst_ps7_0_50M_0/synth/cordic_rst_ps7_0_50M_0.vhd:139]
INFO: [Synth 8-638] synthesizing module 'proc_sys_reset' [/home/linux/ieng6/students/162/mak025/Read_the_docs/project_files/project2/cordic/HLS/cordic_3a_lab/cordic/cordic.gen/sources_1/bd/cordic/ipshared/0831/hdl/proc_sys_reset_v5_0_vh_rfs.vhd:1330]
	Parameter INIT bound to: 1'b1 
INFO: [Synth 8-113] binding component instance 'FDRE_inst' to cell 'FDRE' [/home/linux/ieng6/students/162/mak025/Read_the_docs/project_files/project2/cordic/HLS/cordic_3a_lab/cordic/cordic.gen/sources_1/bd/cordic/ipshared/0831/hdl/proc_sys_reset_v5_0_vh_rfs.vhd:1399]
	Parameter INIT bound to: 1'b1 
INFO: [Synth 8-113] binding component instance 'FDRE_BSR' to cell 'FDRE' [/home/linux/ieng6/students/162/mak025/Read_the_docs/project_files/project2/cordic/HLS/cordic_3a_lab/cordic/cordic.gen/sources_1/bd/cordic/ipshared/0831/hdl/proc_sys_reset_v5_0_vh_rfs.vhd:1415]
	Parameter INIT bound to: 1'b0 
INFO: [Synth 8-113] binding component instance 'FDRE_BSR_N' to cell 'FDRE' [/home/linux/ieng6/students/162/mak025/Read_the_docs/project_files/project2/cordic/HLS/cordic_3a_lab/cordic/cordic.gen/sources_1/bd/cordic/ipshared/0831/hdl/proc_sys_reset_v5_0_vh_rfs.vhd:1441]
	Parameter INIT bound to: 1'b1 
INFO: [Synth 8-113] binding component instance 'FDRE_PER' to cell 'FDRE' [/home/linux/ieng6/students/162/mak025/Read_the_docs/project_files/project2/cordic/HLS/cordic_3a_lab/cordic/cordic.gen/sources_1/bd/cordic/ipshared/0831/hdl/proc_sys_reset_v5_0_vh_rfs.vhd:1464]
	Parameter INIT bound to: 1'b0 
INFO: [Synth 8-113] binding component instance 'FDRE_PER_N' to cell 'FDRE' [/home/linux/ieng6/students/162/mak025/Read_the_docs/project_files/project2/cordic/HLS/cordic_3a_lab/cordic/cordic.gen/sources_1/bd/cordic/ipshared/0831/hdl/proc_sys_reset_v5_0_vh_rfs.vhd:1488]
INFO: [Synth 8-638] synthesizing module 'lpf' [/home/linux/ieng6/students/162/mak025/Read_the_docs/project_files/project2/cordic/HLS/cordic_3a_lab/cordic/cordic.gen/sources_1/bd/cordic/ipshared/0831/hdl/proc_sys_reset_v5_0_vh_rfs.vhd:821]
INFO: [Synth 8-3491] module 'SRL16' declared at '/software/common/Xilinx_Vitis/Vivado/2024.2/scripts/rt/data/unisim_comp.v:149029' bound to instance 'POR_SRL_I' of component 'SRL16' [/home/linux/ieng6/students/162/mak025/Read_the_docs/project_files/project2/cordic/HLS/cordic_3a_lab/cordic/cordic.gen/sources_1/bd/cordic/ipshared/0831/hdl/proc_sys_reset_v5_0_vh_rfs.vhd:873]
INFO: [Synth 8-6157] synthesizing module 'SRL16' [/software/common/Xilinx_Vitis/Vivado/2024.2/scripts/rt/data/unisim_comp.v:149029]
INFO: [Synth 8-6155] done synthesizing module 'SRL16' (0#1) [/software/common/Xilinx_Vitis/Vivado/2024.2/scripts/rt/data/unisim_comp.v:149029]
INFO: [Synth 8-638] synthesizing module 'cdc_sync' [/home/linux/ieng6/students/162/mak025/Read_the_docs/project_files/project2/cordic/HLS/cordic_3a_lab/cordic/cordic.gen/sources_1/bd/cordic/ipshared/2a4f/hdl/lib_cdc_v1_0_rfs.vhd:106]
	Parameter INIT bound to: 1'b0 
INFO: [Synth 8-113] binding component instance 'CROSS_PLEVEL_IN2SCNDRY_IN_cdc_to' to cell 'FDR' [/home/linux/ieng6/students/162/mak025/Read_the_docs/project_files/project2/cordic/HLS/cordic_3a_lab/cordic/cordic.gen/sources_1/bd/cordic/ipshared/2a4f/hdl/lib_cdc_v1_0_rfs.vhd:514]
	Parameter INIT bound to: 1'b0 
INFO: [Synth 8-113] binding component instance 'CROSS_PLEVEL_IN2SCNDRY_s_level_out_d2' to cell 'FDR' [/home/linux/ieng6/students/162/mak025/Read_the_docs/project_files/project2/cordic/HLS/cordic_3a_lab/cordic/cordic.gen/sources_1/bd/cordic/ipshared/2a4f/hdl/lib_cdc_v1_0_rfs.vhd:545]
	Parameter INIT bound to: 1'b0 
INFO: [Synth 8-113] binding component instance 'CROSS_PLEVEL_IN2SCNDRY_s_level_out_d3' to cell 'FDR' [/home/linux/ieng6/students/162/mak025/Read_the_docs/project_files/project2/cordic/HLS/cordic_3a_lab/cordic/cordic.gen/sources_1/bd/cordic/ipshared/2a4f/hdl/lib_cdc_v1_0_rfs.vhd:554]
	Parameter INIT bound to: 1'b0 
INFO: [Synth 8-113] binding component instance 'CROSS_PLEVEL_IN2SCNDRY_s_level_out_d4' to cell 'FDR' [/home/linux/ieng6/students/162/mak025/Read_the_docs/project_files/project2/cordic/HLS/cordic_3a_lab/cordic/cordic.gen/sources_1/bd/cordic/ipshared/2a4f/hdl/lib_cdc_v1_0_rfs.vhd:564]
	Parameter INIT bound to: 1'b0 
INFO: [Synth 8-113] binding component instance 'CROSS_PLEVEL_IN2SCNDRY_s_level_out_d5' to cell 'FDR' [/home/linux/ieng6/students/162/mak025/Read_the_docs/project_files/project2/cordic/HLS/cordic_3a_lab/cordic/cordic.gen/sources_1/bd/cordic/ipshared/2a4f/hdl/lib_cdc_v1_0_rfs.vhd:574]
	Parameter INIT bound to: 1'b0 
INFO: [Synth 8-113] binding component instance 'CROSS_PLEVEL_IN2SCNDRY_s_level_out_d6' to cell 'FDR' [/home/linux/ieng6/students/162/mak025/Read_the_docs/project_files/project2/cordic/HLS/cordic_3a_lab/cordic/cordic.gen/sources_1/bd/cordic/ipshared/2a4f/hdl/lib_cdc_v1_0_rfs.vhd:584]
INFO: [Synth 8-256] done synthesizing module 'cdc_sync' (0#1) [/home/linux/ieng6/students/162/mak025/Read_the_docs/project_files/project2/cordic/HLS/cordic_3a_lab/cordic/cordic.gen/sources_1/bd/cordic/ipshared/2a4f/hdl/lib_cdc_v1_0_rfs.vhd:106]
INFO: [Synth 8-256] done synthesizing module 'lpf' (0#1) [/home/linux/ieng6/students/162/mak025/Read_the_docs/project_files/project2/cordic/HLS/cordic_3a_lab/cordic/cordic.gen/sources_1/bd/cordic/ipshared/0831/hdl/proc_sys_reset_v5_0_vh_rfs.vhd:821]
INFO: [Synth 8-638] synthesizing module 'sequence_psr' [/home/linux/ieng6/students/162/mak025/Read_the_docs/project_files/project2/cordic/HLS/cordic_3a_lab/cordic/cordic.gen/sources_1/bd/cordic/ipshared/0831/hdl/proc_sys_reset_v5_0_vh_rfs.vhd:304]
INFO: [Synth 8-638] synthesizing module 'upcnt_n' [/home/linux/ieng6/students/162/mak025/Read_the_docs/project_files/project2/cordic/HLS/cordic_3a_lab/cordic/cordic.gen/sources_1/bd/cordic/ipshared/0831/hdl/proc_sys_reset_v5_0_vh_rfs.vhd:126]
INFO: [Synth 8-256] done synthesizing module 'upcnt_n' (0#1) [/home/linux/ieng6/students/162/mak025/Read_the_docs/project_files/project2/cordic/HLS/cordic_3a_lab/cordic/cordic.gen/sources_1/bd/cordic/ipshared/0831/hdl/proc_sys_reset_v5_0_vh_rfs.vhd:126]
INFO: [Synth 8-256] done synthesizing module 'sequence_psr' (0#1) [/home/linux/ieng6/students/162/mak025/Read_the_docs/project_files/project2/cordic/HLS/cordic_3a_lab/cordic/cordic.gen/sources_1/bd/cordic/ipshared/0831/hdl/proc_sys_reset_v5_0_vh_rfs.vhd:304]
INFO: [Synth 8-256] done synthesizing module 'proc_sys_reset' (0#1) [/home/linux/ieng6/students/162/mak025/Read_the_docs/project_files/project2/cordic/HLS/cordic_3a_lab/cordic/cordic.gen/sources_1/bd/cordic/ipshared/0831/hdl/proc_sys_reset_v5_0_vh_rfs.vhd:1330]
INFO: [Synth 8-256] done synthesizing module 'cordic_rst_ps7_0_50M_0' (0#1) [/home/linux/ieng6/students/162/mak025/Read_the_docs/project_files/project2/cordic/HLS/cordic_3a_lab/cordic/cordic.gen/sources_1/bd/cordic/ip/cordic_rst_ps7_0_50M_0/synth/cordic_rst_ps7_0_50M_0.vhd:74]
WARNING: [Synth 8-7129] Port prmry_aclk in module cdc_sync is either unconnected or has no load
WARNING: [Synth 8-7129] Port prmry_resetn in module cdc_sync is either unconnected or has no load
WARNING: [Synth 8-7129] Port prmry_vect_in[1] in module cdc_sync is either unconnected or has no load
WARNING: [Synth 8-7129] Port prmry_vect_in[0] in module cdc_sync is either unconnected or has no load
WARNING: [Synth 8-7129] Port scndry_resetn in module cdc_sync is either unconnected or has no load
---------------------------------------------------------------------------------
Finished RTL Elaboration : Time (s): cpu = 00:00:09 ; elapsed = 00:00:09 . Memory (MB): peak = 2217.488 ; gain = 497.773 ; free physical = 41657 ; free virtual = 52538
---------------------------------------------------------------------------------
---------------------------------------------------------------------------------
Start Handling Custom Attributes
---------------------------------------------------------------------------------
---------------------------------------------------------------------------------
Finished Handling Custom Attributes : Time (s): cpu = 00:00:09 ; elapsed = 00:00:09 . Memory (MB): peak = 2235.301 ; gain = 515.586 ; free physical = 41653 ; free virtual = 52537
---------------------------------------------------------------------------------
---------------------------------------------------------------------------------
Finished RTL Optimization Phase 1 : Time (s): cpu = 00:00:09 ; elapsed = 00:00:09 . Memory (MB): peak = 2235.301 ; gain = 515.586 ; free physical = 41653 ; free virtual = 52537
---------------------------------------------------------------------------------
Netlist sorting complete. Time (s): cpu = 00:00:00 ; elapsed = 00:00:00 . Memory (MB): peak = 2241.238 ; gain = 0.000 ; free physical = 41628 ; free virtual = 52511
INFO: [Netlist 29-17] Analyzing 13 Unisim elements for replacement
INFO: [Netlist 29-28] Unisim Transformation completed in 0 CPU seconds
INFO: [Project 1-570] Preparing netlist for logic optimization

Processing XDC Constraints
Initializing timing engine
Parsing XDC File [/home/linux/ieng6/students/162/mak025/Read_the_docs/project_files/project2/cordic/HLS/cordic_3a_lab/cordic/cordic.gen/sources_1/bd/cordic/ip/cordic_rst_ps7_0_50M_0/cordic_rst_ps7_0_50M_0_ooc.xdc] for cell 'U0'
Finished Parsing XDC File [/home/linux/ieng6/students/162/mak025/Read_the_docs/project_files/project2/cordic/HLS/cordic_3a_lab/cordic/cordic.gen/sources_1/bd/cordic/ip/cordic_rst_ps7_0_50M_0/cordic_rst_ps7_0_50M_0_ooc.xdc] for cell 'U0'
Parsing XDC File [/home/linux/ieng6/students/162/mak025/Read_the_docs/project_files/project2/cordic/HLS/cordic_3a_lab/cordic/cordic.gen/sources_1/bd/cordic/ip/cordic_rst_ps7_0_50M_0/cordic_rst_ps7_0_50M_0_board.xdc] for cell 'U0'
Finished Parsing XDC File [/home/linux/ieng6/students/162/mak025/Read_the_docs/project_files/project2/cordic/HLS/cordic_3a_lab/cordic/cordic.gen/sources_1/bd/cordic/ip/cordic_rst_ps7_0_50M_0/cordic_rst_ps7_0_50M_0_board.xdc] for cell 'U0'
Parsing XDC File [/home/linux/ieng6/students/162/mak025/Read_the_docs/project_files/project2/cordic/HLS/cordic_3a_lab/cordic/cordic.gen/sources_1/bd/cordic/ip/cordic_rst_ps7_0_50M_0/cordic_rst_ps7_0_50M_0.xdc] for cell 'U0'
Finished Parsing XDC File [/home/linux/ieng6/students/162/mak025/Read_the_docs/project_files/project2/cordic/HLS/cordic_3a_lab/cordic/cordic.gen/sources_1/bd/cordic/ip/cordic_rst_ps7_0_50M_0/cordic_rst_ps7_0_50M_0.xdc] for cell 'U0'
INFO: [Project 1-236] Implementation specific constraints were found while reading constraint file [/home/linux/ieng6/students/162/mak025/Read_the_docs/project_files/project2/cordic/HLS/cordic_3a_lab/cordic/cordic.gen/sources_1/bd/cordic/ip/cordic_rst_ps7_0_50M_0/cordic_rst_ps7_0_50M_0.xdc]. These constraints will be ignored for synthesis but will be used in implementation. Impacted constraints are listed in the file [.Xil/cordic_rst_ps7_0_50M_0_propImpl.xdc].
Resolution: To avoid this warning, move constraints listed in [.Xil/cordic_rst_ps7_0_50M_0_propImpl.xdc] to another XDC file and exclude this new file from synthesis with the used_in_synthesis property (File Properties dialog in GUI) and re-run elaboration/synthesis.
Parsing XDC File [/home/linux/ieng6/students/162/mak025/Read_the_docs/project_files/project2/cordic/HLS/cordic_3a_lab/cordic/cordic.runs/cordic_rst_ps7_0_50M_0_synth_1/dont_touch.xdc]
Finished Parsing XDC File [/home/linux/ieng6/students/162/mak025/Read_the_docs/project_files/project2/cordic/HLS/cordic_3a_lab/cordic/cordic.runs/cordic_rst_ps7_0_50M_0_synth_1/dont_touch.xdc]
Completed Processing XDC Constraints

Netlist sorting complete. Time (s): cpu = 00:00:00 ; elapsed = 00:00:00 . Memory (MB): peak = 2377.051 ; gain = 0.000 ; free physical = 41591 ; free virtual = 52488
INFO: [Project 1-111] Unisim Transformation Summary:
  A total of 13 instances were transformed.
  FDR => FDRE: 12 instances
  SRL16 => SRL16E: 1 instance 

Constraint Validation Runtime : Time (s): cpu = 00:00:00.02 ; elapsed = 00:00:00.04 . Memory (MB): peak = 2377.051 ; gain = 0.000 ; free physical = 41589 ; free virtual = 52487
INFO: [Designutils 20-5008] Incremental synthesis strategy off
---------------------------------------------------------------------------------
Finished Constraint Validation : Time (s): cpu = 00:00:19 ; elapsed = 00:00:20 . Memory (MB): peak = 2377.051 ; gain = 657.336 ; free physical = 41594 ; free virtual = 52497
---------------------------------------------------------------------------------
---------------------------------------------------------------------------------
Start Loading Part and Timing Information
---------------------------------------------------------------------------------
Loading part: xc7z020clg400-1
---------------------------------------------------------------------------------
Finished Loading Part and Timing Information : Time (s): cpu = 00:00:19 ; elapsed = 00:00:20 . Memory (MB): peak = 2385.055 ; gain = 665.340 ; free physical = 41593 ; free virtual = 52497
---------------------------------------------------------------------------------
---------------------------------------------------------------------------------
Start Applying 'set_property' XDC Constraints
---------------------------------------------------------------------------------
Applied set_property KEEP_HIERARCHY = SOFT for U0. (constraint file  /home/linux/ieng6/students/162/mak025/Read_the_docs/project_files/project2/cordic/HLS/cordic_3a_lab/cordic/cordic.runs/cordic_rst_ps7_0_50M_0_synth_1/dont_touch.xdc, line 9).
---------------------------------------------------------------------------------
Finished applying 'set_property' XDC Constraints : Time (s): cpu = 00:00:19 ; elapsed = 00:00:20 . Memory (MB): peak = 2385.055 ; gain = 665.340 ; free physical = 41593 ; free virtual = 52498
---------------------------------------------------------------------------------
---------------------------------------------------------------------------------
Finished RTL Optimization Phase 2 : Time (s): cpu = 00:00:19 ; elapsed = 00:00:21 . Memory (MB): peak = 2385.055 ; gain = 665.340 ; free physical = 41599 ; free virtual = 52503
---------------------------------------------------------------------------------
---------------------------------------------------------------------------------
Start RTL Component Statistics 
---------------------------------------------------------------------------------
Detailed RTL Component Info : 
+---Adders : 
	   2 Input    6 Bit       Adders := 1     
+---Registers : 
	                6 Bit    Registers := 1     
	                3 Bit    Registers := 3     
	                1 Bit    Registers := 8     
+---Muxes : 
	   2 Input    6 Bit        Muxes := 1     
	   2 Input    1 Bit        Muxes := 1     
---------------------------------------------------------------------------------
Finished RTL Component Statistics 
---------------------------------------------------------------------------------
---------------------------------------------------------------------------------
Start Part Resource Summary
---------------------------------------------------------------------------------
Part Resources:
DSPs: 220 (col length:60)
BRAMs: 280 (col length: RAMB18 60 RAMB36 30)
---------------------------------------------------------------------------------
Finished Part Resource Summary
---------------------------------------------------------------------------------
---------------------------------------------------------------------------------
Start Cross Boundary and Area Optimization
---------------------------------------------------------------------------------
WARNING: [Synth 8-7080] Parallel synthesis criteria is not met
WARNING: [Synth 8-3332] Sequential element (EXT_LPF/ACTIVE_LOW_EXT.ACT_LO_EXT/GENERATE_LEVEL_P_S_CDC.SINGLE_BIT.CROSS_PLEVEL_IN2SCNDRY_s_level_out_d5) is unused and will be removed from module proc_sys_reset.
WARNING: [Synth 8-3332] Sequential element (EXT_LPF/ACTIVE_LOW_EXT.ACT_LO_EXT/GENERATE_LEVEL_P_S_CDC.SINGLE_BIT.CROSS_PLEVEL_IN2SCNDRY_s_level_out_d6) is unused and will be removed from module proc_sys_reset.
WARNING: [Synth 8-3332] Sequential element (EXT_LPF/ACTIVE_LOW_AUX.ACT_LO_AUX/GENERATE_LEVEL_P_S_CDC.SINGLE_BIT.CROSS_PLEVEL_IN2SCNDRY_s_level_out_d5) is unused and will be removed from module proc_sys_reset.
WARNING: [Synth 8-3332] Sequential element (EXT_LPF/ACTIVE_LOW_AUX.ACT_LO_AUX/GENERATE_LEVEL_P_S_CDC.SINGLE_BIT.CROSS_PLEVEL_IN2SCNDRY_s_level_out_d6) is unused and will be removed from module proc_sys_reset.
---------------------------------------------------------------------------------
Finished Cross Boundary and Area Optimization : Time (s): cpu = 00:00:22 ; elapsed = 00:00:23 . Memory (MB): peak = 2385.055 ; gain = 665.340 ; free physical = 41622 ; free virtual = 52528
---------------------------------------------------------------------------------
---------------------------------------------------------------------------------
Start Applying XDC Timing Constraints
---------------------------------------------------------------------------------
---------------------------------------------------------------------------------
Finished Applying XDC Timing Constraints : Time (s): cpu = 00:00:30 ; elapsed = 00:00:32 . Memory (MB): peak = 2415.055 ; gain = 695.340 ; free physical = 41449 ; free virtual = 52364
---------------------------------------------------------------------------------
---------------------------------------------------------------------------------
Start Timing Optimization
---------------------------------------------------------------------------------
---------------------------------------------------------------------------------
Finished Timing Optimization : Time (s): cpu = 00:00:30 ; elapsed = 00:00:32 . Memory (MB): peak = 2415.055 ; gain = 695.340 ; free physical = 41449 ; free virtual = 52364
---------------------------------------------------------------------------------
---------------------------------------------------------------------------------
Start Technology Mapping
---------------------------------------------------------------------------------
---------------------------------------------------------------------------------
Finished Technology Mapping : Time (s): cpu = 00:00:30 ; elapsed = 00:00:32 . Memory (MB): peak = 2444.102 ; gain = 724.387 ; free physical = 41417 ; free virtual = 52332
---------------------------------------------------------------------------------
---------------------------------------------------------------------------------
Start IO Insertion
---------------------------------------------------------------------------------
---------------------------------------------------------------------------------
Start Flattening Before IO Insertion
---------------------------------------------------------------------------------
---------------------------------------------------------------------------------
Finished Flattening Before IO Insertion
---------------------------------------------------------------------------------
---------------------------------------------------------------------------------
Start Final Netlist Cleanup
---------------------------------------------------------------------------------
---------------------------------------------------------------------------------
Finished Final Netlist Cleanup
---------------------------------------------------------------------------------
---------------------------------------------------------------------------------
Finished IO Insertion : Time (s): cpu = 00:00:35 ; elapsed = 00:00:37 . Memory (MB): peak = 2586.914 ; gain = 867.199 ; free physical = 40842 ; free virtual = 51760
---------------------------------------------------------------------------------
---------------------------------------------------------------------------------
Start Renaming Generated Instances
---------------------------------------------------------------------------------
---------------------------------------------------------------------------------
Finished Renaming Generated Instances : Time (s): cpu = 00:00:35 ; elapsed = 00:00:37 . Memory (MB): peak = 2586.914 ; gain = 867.199 ; free physical = 40842 ; free virtual = 51760
---------------------------------------------------------------------------------
---------------------------------------------------------------------------------
Start Rebuilding User Hierarchy
---------------------------------------------------------------------------------
---------------------------------------------------------------------------------
Finished Rebuilding User Hierarchy : Time (s): cpu = 00:00:35 ; elapsed = 00:00:37 . Memory (MB): peak = 2586.914 ; gain = 867.199 ; free physical = 40842 ; free virtual = 51760
---------------------------------------------------------------------------------
---------------------------------------------------------------------------------
Start Renaming Generated Ports
---------------------------------------------------------------------------------
---------------------------------------------------------------------------------
Finished Renaming Generated Ports : Time (s): cpu = 00:00:35 ; elapsed = 00:00:37 . Memory (MB): peak = 2586.914 ; gain = 867.199 ; free physical = 40842 ; free virtual = 51760
---------------------------------------------------------------------------------
---------------------------------------------------------------------------------
Start Handling Custom Attributes
---------------------------------------------------------------------------------
---------------------------------------------------------------------------------
Finished Handling Custom Attributes : Time (s): cpu = 00:00:35 ; elapsed = 00:00:37 . Memory (MB): peak = 2586.914 ; gain = 867.199 ; free physical = 40842 ; free virtual = 51760
---------------------------------------------------------------------------------
---------------------------------------------------------------------------------
Start Renaming Generated Nets
---------------------------------------------------------------------------------
---------------------------------------------------------------------------------
Finished Renaming Generated Nets : Time (s): cpu = 00:00:35 ; elapsed = 00:00:37 . Memory (MB): peak = 2586.914 ; gain = 867.199 ; free physical = 40842 ; free virtual = 51760
---------------------------------------------------------------------------------
---------------------------------------------------------------------------------
Start Writing Synthesis Report
---------------------------------------------------------------------------------

Report BlackBoxes: 
+-+--------------+----------+
| |BlackBox name |Instances |
+-+--------------+----------+
+-+--------------+----------+

Report Cell Usage: 
+------+------+------+
|      |Cell  |Count |
+------+------+------+
|1     |LUT1  |     5|
|2     |LUT2  |     9|
|3     |LUT3  |     1|
|4     |LUT4  |     6|
|5     |LUT5  |     3|
|6     |LUT6  |     1|
|7     |SRL16 |     1|
|8     |FDR   |     8|
|9     |FDRE  |    28|
|10    |FDSE  |     4|
+------+------+------+
---------------------------------------------------------------------------------
Finished Writing Synthesis Report : Time (s): cpu = 00:00:35 ; elapsed = 00:00:37 . Memory (MB): peak = 2586.914 ; gain = 867.199 ; free physical = 40842 ; free virtual = 51760
---------------------------------------------------------------------------------
Synthesis finished with 0 errors, 0 critical warnings and 5 warnings.
Synthesis Optimization Runtime : Time (s): cpu = 00:00:33 ; elapsed = 00:00:34 . Memory (MB): peak = 2586.914 ; gain = 725.449 ; free physical = 40834 ; free virtual = 51752
Synthesis Optimization Complete : Time (s): cpu = 00:00:36 ; elapsed = 00:00:37 . Memory (MB): peak = 2586.922 ; gain = 867.199 ; free physical = 40834 ; free virtual = 51752
INFO: [Project 1-571] Translating synthesized netlist
Netlist sorting complete. Time (s): cpu = 00:00:00 ; elapsed = 00:00:00 . Memory (MB): peak = 2586.922 ; gain = 0.000 ; free physical = 40834 ; free virtual = 51753
INFO: [Netlist 29-17] Analyzing 9 Unisim elements for replacement
INFO: [Netlist 29-28] Unisim Transformation completed in 0 CPU seconds
INFO: [Project 1-570] Preparing netlist for logic optimization
INFO: [Opt 31-138] Pushed 0 inverter(s) to 0 load pin(s).
Netlist sorting complete. Time (s): cpu = 00:00:00 ; elapsed = 00:00:00 . Memory (MB): peak = 2642.941 ; gain = 0.000 ; free physical = 40944 ; free virtual = 51864
INFO: [Project 1-111] Unisim Transformation Summary:
  A total of 9 instances were transformed.
  FDR => FDRE: 8 instances
  SRL16 => SRL16E: 1 instance 

Synth Design complete | Checksum: c2c63384
INFO: [Common 17-83] Releasing license: Synthesis
49 Infos, 10 Warnings, 0 Critical Warnings and 0 Errors encountered.
synth_design completed successfully
synth_design: Time (s): cpu = 00:00:46 ; elapsed = 00:00:45 . Memory (MB): peak = 2642.941 ; gain = 1129.137 ; free physical = 40944 ; free virtual = 51864
INFO: [Common 17-2834] synth_design peak Physical Memory [PSS] (MB): overall = 1598.734; main = 1598.734; forked = 203.304
INFO: [Common 17-2834] synth_design peak Virtual Memory [VSS] (MB): overall = 3302.098; main = 2642.945; forked = 917.039
Write ShapeDB Complete: Time (s): cpu = 00:00:00 ; elapsed = 00:00:00 . Memory (MB): peak = 2666.953 ; gain = 0.000 ; free physical = 40952 ; free virtual = 51872
INFO: [Common 17-1381] The checkpoint '/home/linux/ieng6/students/162/mak025/Read_the_docs/project_files/project2/cordic/HLS/cordic_3a_lab/cordic/cordic.runs/cordic_rst_ps7_0_50M_0_synth_1/cordic_rst_ps7_0_50M_0.dcp' has been generated.
INFO: [Coretcl 2-1648] Added synthesis output to IP cache for IP cordic_rst_ps7_0_50M_0, cache-ID = e19286a56cb9e182
INFO: [Coretcl 2-1174] Renamed 6 cell refs.
Write ShapeDB Complete: Time (s): cpu = 00:00:00 ; elapsed = 00:00:00 . Memory (MB): peak = 2666.953 ; gain = 0.000 ; free physical = 40939 ; free virtual = 51860
INFO: [Common 17-1381] The checkpoint '/home/linux/ieng6/students/162/mak025/Read_the_docs/project_files/project2/cordic/HLS/cordic_3a_lab/cordic/cordic.runs/cordic_rst_ps7_0_50M_0_synth_1/cordic_rst_ps7_0_50M_0.dcp' has been generated.
INFO: [Vivado 12-24828] Executing command : report_utilization -file cordic_rst_ps7_0_50M_0_utilization_synth.rpt -pb cordic_rst_ps7_0_50M_0_utilization_synth.pb
INFO: [Common 17-206] Exiting Vivado at Mon Oct 20 21:14:01 2025...
