

================================================================
== Vitis HLS Report for 'cordiccart2pol'
================================================================
* Date:           Mon Oct 20 18:04:03 2025

* Version:        2024.2 (Build 5238294 on Nov  8 2024)
* Project:        cordiccart2pol.comp
* Solution:       hls (Vivado IP Flow Target)
* Product family: zynq
* Target device:  xc7z020-clg400-1


================================================================
== Performance Estimates
================================================================
+ Timing: 
    * Summary: 
    +--------+----------+----------+------------+
    |  Clock |  Target  | Estimated| Uncertainty|
    +--------+----------+----------+------------+
    |ap_clk  |  10.00 ns|  6.863 ns|     2.70 ns|
    +--------+----------+----------+------------+

+ Latency: 
    * Summary: 
    +---------+---------+----------+----------+-----+-----+---------+
    |  Latency (cycles) |  Latency (absolute) |  Interval | Pipeline|
    |   min   |   max   |    min   |    max   | min | max |   Type  |
    +---------+---------+----------+----------+-----+-----+---------+
    |       34|       34|  0.340 us|  0.340 us|   35|   35|       no|
    +---------+---------+----------+----------+-----+-----+---------+

    + Detail: 
        * Instance: 
        +-----------------------------------------------------+------------------------------------------+---------+---------+----------+----------+-----+-----+------------------------------------------------+
        |                                                     |                                          |  Latency (cycles) |  Latency (absolute) |  Interval |                    Pipeline                    |
        |                       Instance                      |                  Module                  |   min   |   max   |    min   |    max   | min | max |                      Type                      |
        +-----------------------------------------------------+------------------------------------------+---------+---------+----------+----------+-----+-----+------------------------------------------------+
        |grp_cordiccart2pol_Pipeline_VITIS_LOOP_109_1_fu_126  |cordiccart2pol_Pipeline_VITIS_LOOP_109_1  |       30|       30|  0.300 us|  0.300 us|   28|   28|  loop auto-rewind stp (delay=0 clock cycles(s))|
        +-----------------------------------------------------+------------------------------------------+---------+---------+----------+----------+-----+-----+------------------------------------------------+

        * Loop: 
        N/A



================================================================
== Utilization Estimates
================================================================
* Summary: 
+-----------------+---------+-----+--------+-------+-----+
|       Name      | BRAM_18K| DSP |   FF   |  LUT  | URAM|
+-----------------+---------+-----+--------+-------+-----+
|DSP              |        -|    -|       -|      -|    -|
|Expression       |        -|    -|       0|    596|    -|
|FIFO             |        -|    -|       -|      -|    -|
|Instance         |        0|    1|     190|    495|    -|
|Memory           |        -|    -|       -|      -|    -|
|Multiplexer      |        -|    -|       0|     31|    -|
|Register         |        -|    -|     186|      -|    -|
+-----------------+---------+-----+--------+-------+-----+
|Total            |        0|    1|     376|   1122|    0|
+-----------------+---------+-----+--------+-------+-----+
|Available        |      280|  220|  106400|  53200|    0|
+-----------------+---------+-----+--------+-------+-----+
|Utilization (%)  |        0|   ~0|      ~0|      2|    0|
+-----------------+---------+-----+--------+-------+-----+

+ Detail: 
    * Instance: 
    +-----------------------------------------------------+------------------------------------------+---------+----+-----+-----+-----+
    |                       Instance                      |                  Module                  | BRAM_18K| DSP|  FF | LUT | URAM|
    +-----------------------------------------------------+------------------------------------------+---------+----+-----+-----+-----+
    |grp_cordiccart2pol_Pipeline_VITIS_LOOP_109_1_fu_126  |cordiccart2pol_Pipeline_VITIS_LOOP_109_1  |        0|   0|  190|  474|    0|
    |mul_20s_18ns_37_1_1_U8                               |mul_20s_18ns_37_1_1                       |        0|   1|    0|   12|    0|
    |sparsemux_7_2_20_1_1_U7                              |sparsemux_7_2_20_1_1                      |        0|   0|    0|    9|    0|
    +-----------------------------------------------------+------------------------------------------+---------+----+-----+-----+-----+
    |Total                                                |                                          |        0|   1|  190|  495|    0|
    +-----------------------------------------------------+------------------------------------------+---------+----+-----+-----+-----+

    * DSP: 
    N/A

    * Memory: 
    N/A

    * FIFO: 
    N/A

    * Expression: 
    +-------------------------+----------+----+---+-----+------------+------------+
    |      Variable Name      | Operation| DSP| FF| LUT | Bitwidth P0| Bitwidth P1|
    +-------------------------+----------+----+---+-----+------------+------------+
    |add_ln94_fu_187_p2       |         +|   0|  0|   14|           6|           6|
    |sub_ln100_fu_329_p2      |         -|   0|  0|   27|           1|          20|
    |sub_ln101_fu_323_p2      |         -|   0|  0|   27|           1|          20|
    |sub_ln94_1_fu_193_p2     |         -|   0|  0|   14|           5|           6|
    |sub_ln94_fu_171_p2       |         -|   0|  0|   12|          11|          10|
    |and_ln94_fu_293_p2       |       and|   0|  0|    2|           1|           1|
    |ashr_ln94_fu_246_p2      |      ashr|   0|  0|  161|          54|          54|
    |icmp_ln94_1_fu_181_p2    |      icmp|   0|  0|   14|           6|           5|
    |icmp_ln94_2_fu_199_p2    |      icmp|   0|  0|   14|           6|           5|
    |icmp_ln94_3_fu_229_p2    |      icmp|   0|  0|   12|          11|           6|
    |icmp_ln94_4_fu_264_p2    |      icmp|   0|  0|   12|          11|           5|
    |icmp_ln94_fu_137_p2      |      icmp|   0|  0|   27|          20|           1|
    |select_ln716_fu_143_p3   |    select|   0|  0|   64|           1|          62|
    |select_ln94_1_fu_220_p3  |    select|   0|  0|    7|           1|           6|
    |select_ln94_2_fu_256_p3  |    select|   0|  0|   20|           1|          20|
    |select_ln94_3_fu_280_p3  |    select|   0|  0|   20|           1|          20|
    |select_ln94_4_fu_235_p3  |    select|   0|  0|    2|           1|           2|
    |select_ln94_fu_213_p3    |    select|   0|  0|   54|           1|          54|
    |x_1_fu_334_p3            |    select|   0|  0|   20|           1|          20|
    |x_3_fu_341_p3            |    select|   0|  0|   20|           1|          20|
    |shl_ln94_fu_274_p2       |       shl|   0|  0|   51|          20|          20|
    |xor_ln94_fu_288_p2       |       xor|   0|  0|    2|           1|           2|
    +-------------------------+----------+----+---+-----+------------+------------+
    |Total                    |          |   0|  0|  596|         162|         365|
    +-------------------------+----------+----+---+-----+------------+------------+

    * Multiplexer: 
    +-----------+----+-----------+-----+-----------+
    |    Name   | LUT| Input Size| Bits| Total Bits|
    +-----------+----+-----------+-----+-----------+
    |ap_NS_fsm  |  31|          6|    1|          6|
    +-----------+----+-----------+-----+-----------+
    |Total      |  31|          6|    1|          6|
    +-----------+----+-----------+-----+-----------+

    * Register: 
    +------------------------------------------------------------------+----+----+-----+-----------+
    |                               Name                               | FF | LUT| Bits| Const Bits|
    +------------------------------------------------------------------+----+----+-----+-----------+
    |add_ln94_reg_407                                                  |   0|   0|   11|         11|
    |ans_theta_2_loc_fu_96                                             |  20|   0|   20|          0|
    |ans_theta_reg_444                                                 |  20|   0|   20|          0|
    |ap_CS_fsm                                                         |   5|   0|    5|          0|
    |grp_cordiccart2pol_Pipeline_VITIS_LOOP_109_1_fu_126_ap_start_reg  |   1|   0|    1|          0|
    |icmp_ln94_1_reg_401                                               |   1|   0|    1|          0|
    |icmp_ln94_2_reg_417                                               |   1|   0|    1|          0|
    |select_ln94_2_reg_434                                             |  20|   0|   20|          0|
    |select_ln94_3_reg_439                                             |  20|   0|   20|          0|
    |sub_ln94_1_reg_412                                                |   0|   0|   11|         11|
    |tmp_2_reg_423                                                     |   1|   0|    1|          0|
    |tmp_reg_395                                                       |   1|   0|    1|          0|
    |trunc_ln94_1_reg_429                                              |  16|   0|   20|          4|
    |x_1_reg_449                                                       |  20|   0|   20|          0|
    |x_3_reg_454                                                       |  20|   0|   20|          0|
    |x_4_loc_fu_92                                                     |  20|   0|   20|          0|
    |y_read_reg_377                                                    |  20|   0|   20|          0|
    +------------------------------------------------------------------+----+----+-----+-----------+
    |Total                                                             | 186|   0|  212|         26|
    +------------------------------------------------------------------+----+----+-----+-----------+



================================================================
== Interface
================================================================
* Summary: 
+--------------+-----+-----+------------+----------------+--------------+
|   RTL Ports  | Dir | Bits|  Protocol  |  Source Object |    C Type    |
+--------------+-----+-----+------------+----------------+--------------+
|ap_clk        |   in|    1|  ap_ctrl_hs|  cordiccart2pol|  return value|
|ap_rst        |   in|    1|  ap_ctrl_hs|  cordiccart2pol|  return value|
|ap_start      |   in|    1|  ap_ctrl_hs|  cordiccart2pol|  return value|
|ap_done       |  out|    1|  ap_ctrl_hs|  cordiccart2pol|  return value|
|ap_idle       |  out|    1|  ap_ctrl_hs|  cordiccart2pol|  return value|
|ap_ready      |  out|    1|  ap_ctrl_hs|  cordiccart2pol|  return value|
|x             |   in|   20|     ap_none|               x|        scalar|
|y             |   in|   20|     ap_none|               y|        scalar|
|r             |  out|   20|      ap_vld|               r|       pointer|
|r_ap_vld      |  out|    1|      ap_vld|               r|       pointer|
|theta         |  out|   20|      ap_vld|           theta|       pointer|
|theta_ap_vld  |  out|    1|      ap_vld|           theta|       pointer|
+--------------+-----+-----+------------+----------------+--------------+

