

================================================================
== Vitis HLS Report for 'cordiccart2pol'
================================================================
* Date:           Mon Oct 20 17:58:47 2025

* Version:        2024.2 (Build 5238294 on Nov  8 2024)
* Project:        cordiccart2pol.comp
* Solution:       hls (Vivado IP Flow Target)
* Product family: zynq
* Target device:  xc7z020-clg400-1


================================================================
== Performance Estimates
================================================================
+ Timing: 
    * Summary: 
    +--------+----------+----------+------------+
    |  Clock |  Target  | Estimated| Uncertainty|
    +--------+----------+----------+------------+
    |ap_clk  |  10.00 ns|  7.219 ns|     2.70 ns|
    +--------+----------+----------+------------+

+ Latency: 
    * Summary: 
    +---------+---------+----------+----------+-----+-----+---------+
    |  Latency (cycles) |  Latency (absolute) |  Interval | Pipeline|
    |   min   |   max   |    min   |    max   | min | max |   Type  |
    +---------+---------+----------+----------+-----+-----+---------+
    |       35|       35|  0.350 us|  0.350 us|   36|   36|       no|
    +---------+---------+----------+----------+-----+-----+---------+

    + Detail: 
        * Instance: 
        +-----------------------------------------------------+------------------------------------------+---------+---------+----------+----------+-----+-----+------------------------------------------------+
        |                                                     |                                          |  Latency (cycles) |  Latency (absolute) |  Interval |                    Pipeline                    |
        |                       Instance                      |                  Module                  |   min   |   max   |    min   |    max   | min | max |                      Type                      |
        +-----------------------------------------------------+------------------------------------------+---------+---------+----------+----------+-----+-----+------------------------------------------------+
        |grp_cordiccart2pol_Pipeline_VITIS_LOOP_109_1_fu_128  |cordiccart2pol_Pipeline_VITIS_LOOP_109_1  |       30|       30|  0.300 us|  0.300 us|   28|   28|  loop auto-rewind stp (delay=0 clock cycles(s))|
        +-----------------------------------------------------+------------------------------------------+---------+---------+----------+----------+-----+-----+------------------------------------------------+

        * Loop: 
        N/A



================================================================
== Utilization Estimates
================================================================
* Summary: 
+-----------------+---------+-----+--------+-------+-----+
|       Name      | BRAM_18K| DSP |   FF   |  LUT  | URAM|
+-----------------+---------+-----+--------+-------+-----+
|DSP              |        -|    -|       -|      -|    -|
|Expression       |        -|    -|       0|    730|    -|
|FIFO             |        -|    -|       -|      -|    -|
|Instance         |        0|    4|     463|    754|    -|
|Memory           |        -|    -|       -|      -|    -|
|Multiplexer      |        -|    -|       0|     37|    -|
|Register         |        -|    -|     295|      -|    -|
+-----------------+---------+-----+--------+-------+-----+
|Total            |        0|    4|     758|   1521|    0|
+-----------------+---------+-----+--------+-------+-----+
|Available        |      280|  220|  106400|  53200|    0|
+-----------------+---------+-----+--------+-------+-----+
|Utilization (%)  |        0|    1|      ~0|      2|    0|
+-----------------+---------+-----+--------+-------+-----+

+ Detail: 
    * Instance: 
    +-----------------------------------------------------+------------------------------------------+---------+----+-----+-----+-----+
    |                       Instance                      |                  Module                  | BRAM_18K| DSP|  FF | LUT | URAM|
    +-----------------------------------------------------+------------------------------------------+---------+----+-----+-----+-----+
    |grp_cordiccart2pol_Pipeline_VITIS_LOOP_109_1_fu_128  |cordiccart2pol_Pipeline_VITIS_LOOP_109_1  |        0|   0|  298|  695|    0|
    |mul_32s_30ns_61_2_1_U7                               |mul_32s_30ns_61_2_1                       |        0|   4|  165|   50|    0|
    |sparsemux_7_2_32_1_1_U8                              |sparsemux_7_2_32_1_1                      |        0|   0|    0|    9|    0|
    +-----------------------------------------------------+------------------------------------------+---------+----+-----+-----+-----+
    |Total                                                |                                          |        0|   4|  463|  754|    0|
    +-----------------------------------------------------+------------------------------------------+---------+----+-----+-----+-----+

    * DSP: 
    N/A

    * Memory: 
    N/A

    * FIFO: 
    N/A

    * Expression: 
    +-------------------------+----------+----+---+-----+------------+------------+
    |      Variable Name      | Operation| DSP| FF| LUT | Bitwidth P0| Bitwidth P1|
    +-------------------------+----------+----+---+-----+------------+------------+
    |add_ln94_fu_194_p2       |         +|   0|  0|   14|           6|           6|
    |sub_ln100_fu_340_p2      |         -|   0|  0|   39|           1|          32|
    |sub_ln101_fu_352_p2      |         -|   0|  0|   39|           1|          32|
    |sub_ln94_1_fu_200_p2     |         -|   0|  0|   14|           5|           6|
    |sub_ln94_fu_178_p2       |         -|   0|  0|   12|          11|          10|
    |and_ln94_fu_310_p2       |       and|   0|  0|    2|           1|           1|
    |ashr_ln94_fu_257_p2      |      ashr|   0|  0|  161|          54|          54|
    |icmp_ln94_1_fu_188_p2    |      icmp|   0|  0|   14|           6|           5|
    |icmp_ln94_2_fu_206_p2    |      icmp|   0|  0|   14|           6|           5|
    |icmp_ln94_3_fu_240_p2    |      icmp|   0|  0|   12|          11|           6|
    |icmp_ln94_4_fu_285_p2    |      icmp|   0|  0|   14|           6|           1|
    |icmp_ln94_fu_144_p2      |      icmp|   0|  0|   39|          32|           1|
    |select_ln716_fu_150_p3   |    select|   0|  0|   64|           1|          62|
    |select_ln94_1_fu_227_p3  |    select|   0|  0|    6|           1|           5|
    |select_ln94_2_fu_267_p3  |    select|   0|  0|   32|           1|          32|
    |select_ln94_3_fu_297_p3  |    select|   0|  0|   32|           1|          32|
    |select_ln94_4_fu_246_p3  |    select|   0|  0|    2|           1|           2|
    |select_ln94_fu_220_p3    |    select|   0|  0|   54|           1|          54|
    |x_1_fu_345_p3            |    select|   0|  0|   32|           1|          32|
    |y_1_fu_358_p3            |    select|   0|  0|   32|           1|          32|
    |shl_ln94_fu_291_p2       |       shl|   0|  0|  100|          32|          32|
    |xor_ln94_fu_305_p2       |       xor|   0|  0|    2|           1|           2|
    +-------------------------+----------+----+---+-----+------------+------------+
    |Total                    |          |   0|  0|  730|         181|         444|
    +-------------------------+----------+----+---+-----+------------+------------+

    * Multiplexer: 
    +-----------+----+-----------+-----+-----------+
    |    Name   | LUT| Input Size| Bits| Total Bits|
    +-----------+----+-----------+-----+-----------+
    |ap_NS_fsm  |  37|          7|    1|          7|
    +-----------+----+-----------+-----+-----------+
    |Total      |  37|          7|    1|          7|
    +-----------+----+-----------+-----+-----------+

    * Register: 
    +------------------------------------------------------------------+----+----+-----+-----------+
    |                               Name                               | FF | LUT| Bits| Const Bits|
    +------------------------------------------------------------------+----+----+-----+-----------+
    |add_ln94_reg_419                                                  |   0|   0|   11|         11|
    |ans_theta_2_loc_fu_98                                             |  32|   0|   32|          0|
    |ans_theta_reg_456                                                 |  32|   0|   32|          0|
    |ap_CS_fsm                                                         |   6|   0|    6|          0|
    |grp_cordiccart2pol_Pipeline_VITIS_LOOP_109_1_fu_128_ap_start_reg  |   1|   0|    1|          0|
    |icmp_ln94_1_reg_413                                               |   1|   0|    1|          0|
    |icmp_ln94_2_reg_429                                               |   1|   0|    1|          0|
    |select_ln94_2_reg_446                                             |  32|   0|   32|          0|
    |select_ln94_3_reg_451                                             |  32|   0|   32|          0|
    |sub_ln94_1_reg_424                                                |   0|   0|   11|         11|
    |tmp_3_reg_435                                                     |   1|   0|    1|          0|
    |tmp_reg_407                                                       |   1|   0|    1|          0|
    |trunc_ln94_1_reg_441                                              |  28|   0|   32|          4|
    |x_1_reg_461                                                       |  32|   0|   32|          0|
    |x_3_loc_fu_94                                                     |  32|   0|   32|          0|
    |y_1_reg_466                                                       |  32|   0|   32|          0|
    |y_read_reg_389                                                    |  32|   0|   32|          0|
    +------------------------------------------------------------------+----+----+-----+-----------+
    |Total                                                             | 295|   0|  321|         26|
    +------------------------------------------------------------------+----+----+-----+-----------+



================================================================
== Interface
================================================================
* Summary: 
+--------------+-----+-----+------------+----------------+--------------+
|   RTL Ports  | Dir | Bits|  Protocol  |  Source Object |    C Type    |
+--------------+-----+-----+------------+----------------+--------------+
|ap_clk        |   in|    1|  ap_ctrl_hs|  cordiccart2pol|  return value|
|ap_rst        |   in|    1|  ap_ctrl_hs|  cordiccart2pol|  return value|
|ap_start      |   in|    1|  ap_ctrl_hs|  cordiccart2pol|  return value|
|ap_done       |  out|    1|  ap_ctrl_hs|  cordiccart2pol|  return value|
|ap_idle       |  out|    1|  ap_ctrl_hs|  cordiccart2pol|  return value|
|ap_ready      |  out|    1|  ap_ctrl_hs|  cordiccart2pol|  return value|
|x             |   in|   32|     ap_none|               x|        scalar|
|y             |   in|   32|     ap_none|               y|        scalar|
|r             |  out|   32|      ap_vld|               r|       pointer|
|r_ap_vld      |  out|    1|      ap_vld|               r|       pointer|
|theta         |  out|   32|      ap_vld|           theta|       pointer|
|theta_ap_vld  |  out|    1|      ap_vld|           theta|       pointer|
+--------------+-----+-----+------------+----------------+--------------+

