

================================================================
== Vitis HLS Report for 'cordiccart2pol'
================================================================
* Date:           Mon Oct 20 18:08:34 2025

* Version:        2024.2 (Build 5238294 on Nov  8 2024)
* Project:        cordiccart2pol.comp
* Solution:       hls (Vivado IP Flow Target)
* Product family: zynq
* Target device:  xc7z020-clg400-1


================================================================
== Performance Estimates
================================================================
+ Timing: 
    * Summary: 
    +--------+----------+----------+------------+
    |  Clock |  Target  | Estimated| Uncertainty|
    +--------+----------+----------+------------+
    |ap_clk  |  10.00 ns|  6.809 ns|     2.70 ns|
    +--------+----------+----------+------------+

+ Latency: 
    * Summary: 
    +---------+---------+----------+----------+-----+-----+---------+
    |  Latency (cycles) |  Latency (absolute) |  Interval | Pipeline|
    |   min   |   max   |    min   |    max   | min | max |   Type  |
    +---------+---------+----------+----------+-----+-----+---------+
    |       35|       35|  0.350 us|  0.350 us|   36|   36|       no|
    +---------+---------+----------+----------+-----+-----+---------+

    + Detail: 
        * Instance: 
        +-----------------------------------------------------+------------------------------------------+---------+---------+----------+----------+-----+-----+------------------------------------------------+
        |                                                     |                                          |  Latency (cycles) |  Latency (absolute) |  Interval |                    Pipeline                    |
        |                       Instance                      |                  Module                  |   min   |   max   |    min   |    max   | min | max |                      Type                      |
        +-----------------------------------------------------+------------------------------------------+---------+---------+----------+----------+-----+-----+------------------------------------------------+
        |grp_cordiccart2pol_Pipeline_VITIS_LOOP_109_1_fu_130  |cordiccart2pol_Pipeline_VITIS_LOOP_109_1  |       30|       30|  0.300 us|  0.300 us|   28|   28|  loop auto-rewind stp (delay=0 clock cycles(s))|
        +-----------------------------------------------------+------------------------------------------+---------+---------+----------+----------+-----+-----+------------------------------------------------+

        * Loop: 
        N/A



================================================================
== Utilization Estimates
================================================================
* Summary: 
+-----------------+---------+-----+--------+-------+-----+
|       Name      | BRAM_18K| DSP |   FF   |  LUT  | URAM|
+-----------------+---------+-----+--------+-------+-----+
|DSP              |        -|    -|       -|      -|    -|
|Expression       |        -|    -|       0|    481|    -|
|FIFO             |        -|    -|       -|      -|    -|
|Instance         |        0|    0|      90|    353|    -|
|Memory           |        -|    -|       -|      -|    -|
|Multiplexer      |        -|    -|       0|     37|    -|
|Register         |        -|    -|      71|      -|    -|
+-----------------+---------+-----+--------+-------+-----+
|Total            |        0|    0|     161|    871|    0|
+-----------------+---------+-----+--------+-------+-----+
|Available        |      280|  220|  106400|  53200|    0|
+-----------------+---------+-----+--------+-------+-----+
|Utilization (%)  |        0|    0|      ~0|      1|    0|
+-----------------+---------+-----+--------+-------+-----+

+ Detail: 
    * Instance: 
    +-----------------------------------------------------+------------------------------------------+---------+----+----+-----+-----+
    |                       Instance                      |                  Module                  | BRAM_18K| DSP| FF | LUT | URAM|
    +-----------------------------------------------------+------------------------------------------+---------+----+----+-----+-----+
    |grp_cordiccart2pol_Pipeline_VITIS_LOOP_109_1_fu_130  |cordiccart2pol_Pipeline_VITIS_LOOP_109_1  |        0|   0|  90|  303|    0|
    |mul_8s_6ns_13_1_1_U8                                 |mul_8s_6ns_13_1_1                         |        0|   0|   0|   41|    0|
    |sparsemux_7_2_8_1_1_U7                               |sparsemux_7_2_8_1_1                       |        0|   0|   0|    9|    0|
    +-----------------------------------------------------+------------------------------------------+---------+----+----+-----+-----+
    |Total                                                |                                          |        0|   0|  90|  353|    0|
    +-----------------------------------------------------+------------------------------------------+---------+----+----+-----+-----+

    * DSP: 
    N/A

    * Memory: 
    N/A

    * FIFO: 
    N/A

    * Expression: 
    +-------------------------+----------+----+---+-----+------------+------------+
    |      Variable Name      | Operation| DSP| FF| LUT | Bitwidth P0| Bitwidth P1|
    +-------------------------+----------+----+---+-----+------------+------------+
    |add_ln94_fu_191_p2       |         +|   0|  0|   14|           6|           4|
    |sub_ln100_fu_336_p2      |         -|   0|  0|   15|           1|           8|
    |sub_ln101_fu_347_p2      |         -|   0|  0|   15|           1|           8|
    |sub_ln94_1_fu_197_p2     |         -|   0|  0|   14|           3|           6|
    |sub_ln94_fu_175_p2       |         -|   0|  0|   12|          11|          10|
    |and_ln94_fu_307_p2       |       and|   0|  0|    2|           1|           1|
    |ashr_ln94_fu_250_p2      |      ashr|   0|  0|  161|          54|          54|
    |icmp_ln94_1_fu_185_p2    |      icmp|   0|  0|   14|           6|           3|
    |icmp_ln94_2_fu_203_p2    |      icmp|   0|  0|   14|           6|           3|
    |icmp_ln94_3_fu_233_p2    |      icmp|   0|  0|   12|          11|           6|
    |icmp_ln94_4_fu_278_p2    |      icmp|   0|  0|   15|           8|           1|
    |icmp_ln94_fu_141_p2      |      icmp|   0|  0|   15|           8|           1|
    |select_ln716_fu_147_p3   |    select|   0|  0|   64|           1|          62|
    |select_ln94_1_fu_224_p3  |    select|   0|  0|    7|           1|           6|
    |select_ln94_2_fu_260_p3  |    select|   0|  0|    8|           1|           8|
    |select_ln94_3_fu_294_p3  |    select|   0|  0|    8|           1|           8|
    |select_ln94_4_fu_239_p3  |    select|   0|  0|    2|           1|           2|
    |select_ln94_fu_217_p3    |    select|   0|  0|   54|           1|          54|
    |x_1_fu_341_p3            |    select|   0|  0|    8|           1|           8|
    |y_1_fu_353_p3            |    select|   0|  0|    8|           1|           8|
    |shl_ln94_fu_288_p2       |       shl|   0|  0|   17|           8|           8|
    |xor_ln94_fu_302_p2       |       xor|   0|  0|    2|           1|           2|
    +-------------------------+----------+----+---+-----+------------+------------+
    |Total                    |          |   0|  0|  481|         133|         271|
    +-------------------------+----------+----+---+-----+------------+------------+

    * Multiplexer: 
    +-----------+----+-----------+-----+-----------+
    |    Name   | LUT| Input Size| Bits| Total Bits|
    +-----------+----+-----------+-----+-----------+
    |ap_NS_fsm  |  37|          7|    1|          7|
    +-----------+----+-----------+-----+-----------+
    |Total      |  37|          7|    1|          7|
    +-----------+----+-----------+-----+-----------+

    * Register: 
    +------------------------------------------------------------------+---+----+-----+-----------+
    |                               Name                               | FF| LUT| Bits| Const Bits|
    +------------------------------------------------------------------+---+----+-----+-----------+
    |add_ln94_reg_418                                                  |  0|   0|   11|         11|
    |ans_theta_2_loc_fu_100                                            |  8|   0|    8|          0|
    |ans_theta_reg_455                                                 |  8|   0|    8|          0|
    |ap_CS_fsm                                                         |  6|   0|    6|          0|
    |grp_cordiccart2pol_Pipeline_VITIS_LOOP_109_1_fu_130_ap_start_reg  |  1|   0|    1|          0|
    |icmp_ln94_1_reg_412                                               |  1|   0|    1|          0|
    |icmp_ln94_2_reg_428                                               |  1|   0|    1|          0|
    |select_ln94_2_reg_445                                             |  8|   0|    8|          0|
    |select_ln94_3_reg_450                                             |  8|   0|    8|          0|
    |sub_ln94_1_reg_423                                                |  0|   0|   11|         11|
    |tmp_3_reg_434                                                     |  1|   0|    1|          0|
    |tmp_reg_406                                                       |  1|   0|    1|          0|
    |trunc_ln94_1_reg_440                                              |  4|   0|    8|          4|
    |x_1_reg_460                                                       |  8|   0|    8|          0|
    |y_1_reg_465                                                       |  8|   0|    8|          0|
    |y_read_reg_388                                                    |  8|   0|    8|          0|
    +------------------------------------------------------------------+---+----+-----+-----------+
    |Total                                                             | 71|   0|   97|         26|
    +------------------------------------------------------------------+---+----+-----+-----------+



================================================================
== Interface
================================================================
* Summary: 
+--------------+-----+-----+------------+----------------+--------------+
|   RTL Ports  | Dir | Bits|  Protocol  |  Source Object |    C Type    |
+--------------+-----+-----+------------+----------------+--------------+
|ap_clk        |   in|    1|  ap_ctrl_hs|  cordiccart2pol|  return value|
|ap_rst        |   in|    1|  ap_ctrl_hs|  cordiccart2pol|  return value|
|ap_start      |   in|    1|  ap_ctrl_hs|  cordiccart2pol|  return value|
|ap_done       |  out|    1|  ap_ctrl_hs|  cordiccart2pol|  return value|
|ap_idle       |  out|    1|  ap_ctrl_hs|  cordiccart2pol|  return value|
|ap_ready      |  out|    1|  ap_ctrl_hs|  cordiccart2pol|  return value|
|x             |   in|    8|     ap_none|               x|        scalar|
|y             |   in|    8|     ap_none|               y|        scalar|
|r             |  out|    8|      ap_vld|               r|       pointer|
|r_ap_vld      |  out|    1|      ap_vld|               r|       pointer|
|theta         |  out|    8|      ap_vld|           theta|       pointer|
|theta_ap_vld  |  out|    1|      ap_vld|           theta|       pointer|
+--------------+-----+-----+------------+----------------+--------------+

