

================================================================
== Vitis HLS Report for 'cordiccart2pol'
================================================================
* Date:           Mon Oct 20 18:16:30 2025

* Version:        2024.2 (Build 5238294 on Nov  8 2024)
* Project:        cordiccart2pol.comp
* Solution:       hls (Vivado IP Flow Target)
* Product family: zynq
* Target device:  xc7z020-clg400-1


================================================================
== Performance Estimates
================================================================
+ Timing: 
    * Summary: 
    +--------+----------+----------+------------+
    |  Clock |  Target  | Estimated| Uncertainty|
    +--------+----------+----------+------------+
    |ap_clk  |  10.00 ns|  7.280 ns|     2.70 ns|
    +--------+----------+----------+------------+

+ Latency: 
    * Summary: 
    +---------+---------+----------+----------+-----+-----+---------+
    |  Latency (cycles) |  Latency (absolute) |  Interval | Pipeline|
    |   min   |   max   |    min   |    max   | min | max |   Type  |
    +---------+---------+----------+----------+-----+-----+---------+
    |       35|       35|  0.350 us|  0.350 us|   36|   36|       no|
    +---------+---------+----------+----------+-----+-----+---------+

    + Detail: 
        * Instance: 
        +-----------------------------------------------------+------------------------------------------+---------+---------+----------+----------+-----+-----+------------------------------------------------+
        |                                                     |                                          |  Latency (cycles) |  Latency (absolute) |  Interval |                    Pipeline                    |
        |                       Instance                      |                  Module                  |   min   |   max   |    min   |    max   | min | max |                      Type                      |
        +-----------------------------------------------------+------------------------------------------+---------+---------+----------+----------+-----+-----+------------------------------------------------+
        |grp_cordiccart2pol_Pipeline_VITIS_LOOP_108_1_fu_128  |cordiccart2pol_Pipeline_VITIS_LOOP_108_1  |       31|       31|  0.310 us|  0.310 us|   28|   28|  loop auto-rewind stp (delay=0 clock cycles(s))|
        +-----------------------------------------------------+------------------------------------------+---------+---------+----------+----------+-----+-----+------------------------------------------------+

        * Loop: 
        N/A



================================================================
== Utilization Estimates
================================================================
* Summary: 
+-----------------+---------+-----+--------+-------+-----+
|       Name      | BRAM_18K| DSP |   FF   |  LUT  | URAM|
+-----------------+---------+-----+--------+-------+-----+
|DSP              |        -|    -|       -|      -|    -|
|Expression       |        -|    -|       0|    494|    -|
|FIFO             |        -|    -|       -|      -|    -|
|Instance         |        0|    3|     155|    286|    -|
|Memory           |        -|    -|       -|      -|    -|
|Multiplexer      |        -|    -|       0|     31|    -|
|Register         |        -|    -|     112|      -|    -|
+-----------------+---------+-----+--------+-------+-----+
|Total            |        0|    3|     267|    811|    0|
+-----------------+---------+-----+--------+-------+-----+
|Available        |      280|  220|  106400|  53200|    0|
+-----------------+---------+-----+--------+-------+-----+
|Utilization (%)  |        0|    1|      ~0|      1|    0|
+-----------------+---------+-----+--------+-------+-----+

+ Detail: 
    * Instance: 
    +-----------------------------------------------------+------------------------------------------+---------+----+-----+-----+-----+
    |                       Instance                      |                  Module                  | BRAM_18K| DSP|  FF | LUT | URAM|
    +-----------------------------------------------------+------------------------------------------+---------+----+-----+-----+-----+
    |grp_cordiccart2pol_Pipeline_VITIS_LOOP_108_1_fu_128  |cordiccart2pol_Pipeline_VITIS_LOOP_108_1  |        0|   2|  155|  271|    0|
    |mul_12s_10ns_21_1_1_U13                              |mul_12s_10ns_21_1_1                       |        0|   1|    0|    6|    0|
    |sparsemux_7_2_12_1_1_U12                             |sparsemux_7_2_12_1_1                      |        0|   0|    0|    9|    0|
    +-----------------------------------------------------+------------------------------------------+---------+----+-----+-----+-----+
    |Total                                                |                                          |        0|   3|  155|  286|    0|
    +-----------------------------------------------------+------------------------------------------+---------+----+-----+-----+-----+

    * DSP: 
    N/A

    * Memory: 
    N/A

    * FIFO: 
    N/A

    * Expression: 
    +-------------------------+----------+----+---+-----+------------+------------+
    |      Variable Name      | Operation| DSP| FF| LUT | Bitwidth P0| Bitwidth P1|
    +-------------------------+----------+----+---+-----+------------+------------+
    |add_ln94_fu_191_p2       |         +|   0|  0|   14|           6|           5|
    |sub_ln100_fu_332_p2      |         -|   0|  0|   12|           1|          12|
    |sub_ln101_fu_326_p2      |         -|   0|  0|   12|           1|          12|
    |sub_ln94_1_fu_197_p2     |         -|   0|  0|   14|           4|           6|
    |sub_ln94_fu_175_p2       |         -|   0|  0|   12|          11|          10|
    |and_ln94_fu_296_p2       |       and|   0|  0|    2|           1|           1|
    |ashr_ln94_fu_251_p2      |      ashr|   0|  0|  161|          54|          54|
    |icmp_ln94_1_fu_185_p2    |      icmp|   0|  0|   14|           6|           4|
    |icmp_ln94_2_fu_211_p2    |      icmp|   0|  0|   14|           6|           4|
    |icmp_ln94_3_fu_236_p2    |      icmp|   0|  0|   12|          11|           6|
    |icmp_ln94_4_fu_269_p2    |      icmp|   0|  0|   12|          11|           4|
    |icmp_ln94_fu_141_p2      |      icmp|   0|  0|   12|          12|           1|
    |select_ln716_fu_147_p3   |    select|   0|  0|   64|           1|          62|
    |select_ln94_1_fu_203_p3  |    select|   0|  0|    7|           1|           6|
    |select_ln94_2_fu_261_p3  |    select|   0|  0|   12|           1|          12|
    |select_ln94_3_fu_283_p3  |    select|   0|  0|   12|           1|          12|
    |select_ln94_4_fu_241_p3  |    select|   0|  0|    2|           1|           2|
    |select_ln94_fu_225_p3    |    select|   0|  0|   54|           1|          54|
    |x_1_fu_337_p3            |    select|   0|  0|   12|           1|          12|
    |x_3_fu_344_p3            |    select|   0|  0|   12|           1|          12|
    |shl_ln94_fu_277_p2       |       shl|   0|  0|   26|          12|          12|
    |xor_ln94_fu_291_p2       |       xor|   0|  0|    2|           1|           2|
    +-------------------------+----------+----+---+-----+------------+------------+
    |Total                    |          |   0|  0|  494|         145|         305|
    +-------------------------+----------+----+---+-----+------------+------------+

    * Multiplexer: 
    +-----------+----+-----------+-----+-----------+
    |    Name   | LUT| Input Size| Bits| Total Bits|
    +-----------+----+-----------+-----+-----------+
    |ap_NS_fsm  |  31|          6|    1|          6|
    +-----------+----+-----------+-----+-----------+
    |Total      |  31|          6|    1|          6|
    +-----------+----+-----------+-----+-----------+

    * Register: 
    +------------------------------------------------------------------+----+----+-----+-----------+
    |                               Name                               | FF | LUT| Bits| Const Bits|
    +------------------------------------------------------------------+----+----+-----+-----------+
    |ans_theta_2_loc_fu_94                                             |  12|   0|   12|          0|
    |ans_theta_reg_444                                                 |  12|   0|   12|          0|
    |ap_CS_fsm                                                         |   5|   0|    5|          0|
    |grp_cordiccart2pol_Pipeline_VITIS_LOOP_108_1_fu_128_ap_start_reg  |   1|   0|    1|          0|
    |icmp_ln94_1_reg_404                                               |   1|   0|    1|          0|
    |icmp_ln94_2_reg_417                                               |   1|   0|    1|          0|
    |select_ln94_1_reg_409                                             |  10|   0|   11|          1|
    |select_ln94_2_reg_434                                             |  12|   0|   12|          0|
    |select_ln94_3_reg_439                                             |  12|   0|   12|          0|
    |tmp_2_reg_423                                                     |   1|   0|    1|          0|
    |tmp_reg_398                                                       |   1|   0|    1|          0|
    |trunc_ln94_1_reg_429                                              |   8|   0|   12|          4|
    |x_1_reg_449                                                       |  12|   0|   12|          0|
    |x_3_reg_454                                                       |  12|   0|   12|          0|
    |y_read_reg_380                                                    |  12|   0|   12|          0|
    +------------------------------------------------------------------+----+----+-----+-----------+
    |Total                                                             | 112|   0|  117|          5|
    +------------------------------------------------------------------+----+----+-----+-----------+



================================================================
== Interface
================================================================
* Summary: 
+--------------+-----+-----+------------+----------------+--------------+
|   RTL Ports  | Dir | Bits|  Protocol  |  Source Object |    C Type    |
+--------------+-----+-----+------------+----------------+--------------+
|ap_clk        |   in|    1|  ap_ctrl_hs|  cordiccart2pol|  return value|
|ap_rst        |   in|    1|  ap_ctrl_hs|  cordiccart2pol|  return value|
|ap_start      |   in|    1|  ap_ctrl_hs|  cordiccart2pol|  return value|
|ap_done       |  out|    1|  ap_ctrl_hs|  cordiccart2pol|  return value|
|ap_idle       |  out|    1|  ap_ctrl_hs|  cordiccart2pol|  return value|
|ap_ready      |  out|    1|  ap_ctrl_hs|  cordiccart2pol|  return value|
|x             |   in|   12|     ap_none|               x|        scalar|
|y             |   in|   12|     ap_none|               y|        scalar|
|r             |  out|   12|      ap_vld|               r|       pointer|
|r_ap_vld      |  out|    1|      ap_vld|               r|       pointer|
|theta         |  out|   12|      ap_vld|           theta|       pointer|
|theta_ap_vld  |  out|    1|      ap_vld|           theta|       pointer|
+--------------+-----+-----+------------+----------------+--------------+

