

================================================================
== Vitis HLS Report for 'cordiccart2pol'
================================================================
* Date:           Mon Oct 20 17:18:46 2025

* Version:        2024.2 (Build 5238294 on Nov  8 2024)
* Project:        cordiccart2pol.comp
* Solution:       hls (Vivado IP Flow Target)
* Product family: zynq
* Target device:  xc7z020-clg400-1


================================================================
== Performance Estimates
================================================================
+ Timing: 
    * Summary: 
    +--------+----------+----------+------------+
    |  Clock |  Target  | Estimated| Uncertainty|
    +--------+----------+----------+------------+
    |ap_clk  |  10.00 ns|  7.234 ns|     2.70 ns|
    +--------+----------+----------+------------+

+ Latency: 
    * Summary: 
    +---------+---------+----------+----------+-----+-----+---------+
    |  Latency (cycles) |  Latency (absolute) |  Interval | Pipeline|
    |   min   |   max   |    min   |    max   | min | max |   Type  |
    +---------+---------+----------+----------+-----+-----+---------+
    |       39|       39|  0.390 us|  0.390 us|   40|   40|       no|
    +---------+---------+----------+----------+-----+-----+---------+

    + Detail: 
        * Instance: 
        +-----------------------------------------------------+------------------------------------------+---------+---------+----------+----------+-----+-----+------------------------------------------------+
        |                                                     |                                          |  Latency (cycles) |  Latency (absolute) |  Interval |                    Pipeline                    |
        |                       Instance                      |                  Module                  |   min   |   max   |    min   |    max   | min | max |                      Type                      |
        +-----------------------------------------------------+------------------------------------------+---------+---------+----------+----------+-----+-----+------------------------------------------------+
        |grp_cordiccart2pol_Pipeline_VITIS_LOOP_108_1_fu_128  |cordiccart2pol_Pipeline_VITIS_LOOP_108_1  |       35|       35|  0.350 us|  0.350 us|   28|   28|  loop auto-rewind stp (delay=0 clock cycles(s))|
        +-----------------------------------------------------+------------------------------------------+---------+---------+----------+----------+-----+-----+------------------------------------------------+

        * Loop: 
        N/A



================================================================
== Utilization Estimates
================================================================
* Summary: 
+-----------------+---------+-----+--------+-------+-----+
|       Name      | BRAM_18K| DSP |   FF   |  LUT  | URAM|
+-----------------+---------+-----+--------+-------+-----+
|DSP              |        -|    -|       -|      -|    -|
|Expression       |        -|    -|       0|    639|    -|
|FIFO             |        -|    -|       -|      -|    -|
|Instance         |        0|    6|     977|   1779|    -|
|Memory           |        -|    -|       -|      -|    -|
|Multiplexer      |        -|    -|       0|     31|    -|
|Register         |        -|    -|     198|      -|    -|
+-----------------+---------+-----+--------+-------+-----+
|Total            |        0|    6|    1175|   2449|    0|
+-----------------+---------+-----+--------+-------+-----+
|Available        |      280|  220|  106400|  53200|    0|
+-----------------+---------+-----+--------+-------+-----+
|Utilization (%)  |        0|    2|       1|      4|    0|
+-----------------+---------+-----+--------+-------+-----+

+ Detail: 
    * Instance: 
    +-----------------------------------------------------+------------------------------------------+---------+----+-----+------+-----+
    |                       Instance                      |                  Module                  | BRAM_18K| DSP|  FF |  LUT | URAM|
    +-----------------------------------------------------+------------------------------------------+---------+----+-----+------+-----+
    |grp_cordiccart2pol_Pipeline_VITIS_LOOP_108_1_fu_128  |cordiccart2pol_Pipeline_VITIS_LOOP_108_1  |        0|   4|  977|  1732|    0|
    |mul_24s_22ns_45_1_1_U17                              |mul_24s_22ns_45_1_1                       |        0|   2|    0|    38|    0|
    |sparsemux_7_2_24_1_1_U18                             |sparsemux_7_2_24_1_1                      |        0|   0|    0|     9|    0|
    +-----------------------------------------------------+------------------------------------------+---------+----+-----+------+-----+
    |Total                                                |                                          |        0|   6|  977|  1779|    0|
    +-----------------------------------------------------+------------------------------------------+---------+----+-----+------+-----+

    * DSP: 
    N/A

    * Memory: 
    N/A

    * FIFO: 
    N/A

    * Expression: 
    +-------------------------+----------+----+---+-----+------------+------------+
    |      Variable Name      | Operation| DSP| FF| LUT | Bitwidth P0| Bitwidth P1|
    +-------------------------+----------+----+---+-----+------------+------------+
    |add_ln94_fu_196_p2       |         +|   0|  0|   14|           6|           6|
    |sub_ln100_fu_338_p2      |         -|   0|  0|   31|           1|          24|
    |sub_ln101_fu_332_p2      |         -|   0|  0|   31|           1|          24|
    |sub_ln94_1_fu_202_p2     |         -|   0|  0|   14|           5|           6|
    |sub_ln94_fu_180_p2       |         -|   0|  0|   12|          11|          10|
    |and_ln94_fu_302_p2       |       and|   0|  0|    2|           1|           1|
    |ashr_ln94_fu_255_p2      |      ashr|   0|  0|  161|          54|          54|
    |icmp_ln94_1_fu_190_p2    |      icmp|   0|  0|   14|           6|           5|
    |icmp_ln94_2_fu_208_p2    |      icmp|   0|  0|   14|           6|           5|
    |icmp_ln94_3_fu_238_p2    |      icmp|   0|  0|   12|          11|           6|
    |icmp_ln94_4_fu_273_p2    |      icmp|   0|  0|   12|          11|           5|
    |icmp_ln94_fu_146_p2      |      icmp|   0|  0|   31|          24|           1|
    |select_ln716_fu_152_p3   |    select|   0|  0|   64|           1|          62|
    |select_ln94_1_fu_229_p3  |    select|   0|  0|    6|           1|           5|
    |select_ln94_2_fu_265_p3  |    select|   0|  0|   24|           1|          24|
    |select_ln94_3_fu_289_p3  |    select|   0|  0|   24|           1|          24|
    |select_ln94_4_fu_244_p3  |    select|   0|  0|    2|           1|           2|
    |select_ln94_fu_222_p3    |    select|   0|  0|   54|           1|          54|
    |x_1_fu_343_p3            |    select|   0|  0|   24|           1|          24|
    |x_3_fu_350_p3            |    select|   0|  0|   24|           1|          24|
    |shl_ln94_fu_283_p2       |       shl|   0|  0|   67|          24|          24|
    |xor_ln94_fu_297_p2       |       xor|   0|  0|    2|           1|           2|
    +-------------------------+----------+----+---+-----+------------+------------+
    |Total                    |          |   0|  0|  639|         170|         392|
    +-------------------------+----------+----+---+-----+------------+------------+

    * Multiplexer: 
    +-----------+----+-----------+-----+-----------+
    |    Name   | LUT| Input Size| Bits| Total Bits|
    +-----------+----+-----------+-----+-----------+
    |ap_NS_fsm  |  31|          6|    1|          6|
    +-----------+----+-----------+-----+-----------+
    |Total      |  31|          6|    1|          6|
    +-----------+----+-----------+-----+-----------+

    * Register: 
    +------------------------------------------------------------------+----+----+-----+-----------+
    |                               Name                               | FF | LUT| Bits| Const Bits|
    +------------------------------------------------------------------+----+----+-----+-----------+
    |add_ln94_reg_411                                                  |   0|   0|   11|         11|
    |ans_theta_reg_448                                                 |  24|   0|   24|          0|
    |ap_CS_fsm                                                         |   5|   0|    5|          0|
    |grp_cordiccart2pol_Pipeline_VITIS_LOOP_108_1_fu_128_ap_start_reg  |   1|   0|    1|          0|
    |icmp_ln94_1_reg_405                                               |   1|   0|    1|          0|
    |icmp_ln94_2_reg_421                                               |   1|   0|    1|          0|
    |select_ln94_2_reg_438                                             |  24|   0|   24|          0|
    |select_ln94_3_reg_443                                             |  24|   0|   24|          0|
    |sub_ln94_1_reg_416                                                |   0|   0|   11|         11|
    |tmp_2_reg_427                                                     |   1|   0|    1|          0|
    |tmp_reg_399                                                       |   1|   0|    1|          0|
    |trunc_ln94_1_reg_433                                              |  20|   0|   24|          4|
    |x_1_reg_453                                                       |  24|   0|   24|          0|
    |x_3_reg_458                                                       |  24|   0|   24|          0|
    |x_4_loc_fu_98                                                     |  24|   0|   24|          0|
    |y_read_reg_381                                                    |  24|   0|   24|          0|
    +------------------------------------------------------------------+----+----+-----+-----------+
    |Total                                                             | 198|   0|  224|         26|
    +------------------------------------------------------------------+----+----+-----+-----------+



================================================================
== Interface
================================================================
* Summary: 
+--------------+-----+-----+------------+----------------+--------------+
|   RTL Ports  | Dir | Bits|  Protocol  |  Source Object |    C Type    |
+--------------+-----+-----+------------+----------------+--------------+
|ap_clk        |   in|    1|  ap_ctrl_hs|  cordiccart2pol|  return value|
|ap_rst        |   in|    1|  ap_ctrl_hs|  cordiccart2pol|  return value|
|ap_start      |   in|    1|  ap_ctrl_hs|  cordiccart2pol|  return value|
|ap_done       |  out|    1|  ap_ctrl_hs|  cordiccart2pol|  return value|
|ap_idle       |  out|    1|  ap_ctrl_hs|  cordiccart2pol|  return value|
|ap_ready      |  out|    1|  ap_ctrl_hs|  cordiccart2pol|  return value|
|x             |   in|   24|     ap_none|               x|        scalar|
|y             |   in|   24|     ap_none|               y|        scalar|
|r             |  out|   24|      ap_vld|               r|       pointer|
|r_ap_vld      |  out|    1|      ap_vld|               r|       pointer|
|theta         |  out|   24|      ap_vld|           theta|       pointer|
|theta_ap_vld  |  out|    1|      ap_vld|           theta|       pointer|
+--------------+-----+-----+------------+----------------+--------------+

