

================================================================
== Vitis HLS Report for 'cordiccart2pol'
================================================================
* Date:           Mon Oct 20 18:26:01 2025

* Version:        2024.2 (Build 5238294 on Nov  8 2024)
* Project:        cordiccart2pol.comp
* Solution:       hls (Vivado IP Flow Target)
* Product family: zynq
* Target device:  xc7z020-clg400-1


================================================================
== Performance Estimates
================================================================
+ Timing: 
    * Summary: 
    +--------+----------+----------+------------+
    |  Clock |  Target  | Estimated| Uncertainty|
    +--------+----------+----------+------------+
    |ap_clk  |  10.00 ns|  7.219 ns|     2.70 ns|
    +--------+----------+----------+------------+

+ Latency: 
    * Summary: 
    +---------+---------+----------+----------+-----+-----+---------+
    |  Latency (cycles) |  Latency (absolute) |  Interval | Pipeline|
    |   min   |   max   |    min   |    max   | min | max |   Type  |
    +---------+---------+----------+----------+-----+-----+---------+
    |       63|       63|  0.630 us|  0.630 us|   64|   64|       no|
    +---------+---------+----------+----------+-----+-----+---------+

    + Detail: 
        * Instance: 
        +-----------------------------------------------------+------------------------------------------+---------+---------+----------+----------+-----+-----+------------------------------------------------+
        |                                                     |                                          |  Latency (cycles) |  Latency (absolute) |  Interval |                    Pipeline                    |
        |                       Instance                      |                  Module                  |   min   |   max   |    min   |    max   | min | max |                      Type                      |
        +-----------------------------------------------------+------------------------------------------+---------+---------+----------+----------+-----+-----+------------------------------------------------+
        |grp_cordiccart2pol_Pipeline_VITIS_LOOP_108_1_fu_130  |cordiccart2pol_Pipeline_VITIS_LOOP_108_1  |       58|       58|  0.580 us|  0.580 us|   56|   56|  loop auto-rewind stp (delay=0 clock cycles(s))|
        +-----------------------------------------------------+------------------------------------------+---------+---------+----------+----------+-----+-----+------------------------------------------------+

        * Loop: 
        N/A



================================================================
== Utilization Estimates
================================================================
* Summary: 
+-----------------+---------+-----+--------+-------+-----+
|       Name      | BRAM_18K| DSP |   FF   |  LUT  | URAM|
+-----------------+---------+-----+--------+-------+-----+
|DSP              |        -|    -|       -|      -|    -|
|Expression       |        -|    -|       0|    730|    -|
|FIFO             |        -|    -|       -|      -|    -|
|Instance         |        0|    8|     787|    626|    -|
|Memory           |        -|    -|       -|      -|    -|
|Multiplexer      |        -|    -|       0|     74|    -|
|Register         |        -|    -|     263|      -|    -|
+-----------------+---------+-----+--------+-------+-----+
|Total            |        0|    8|    1050|   1430|    0|
+-----------------+---------+-----+--------+-------+-----+
|Available        |      280|  220|  106400|  53200|    0|
+-----------------+---------+-----+--------+-------+-----+
|Utilization (%)  |        0|    3|      ~0|      2|    0|
+-----------------+---------+-----+--------+-------+-----+

+ Detail: 
    * Instance: 
    +-----------------------------------------------------+------------------------------------------+---------+----+-----+-----+-----+
    |                       Instance                      |                  Module                  | BRAM_18K| DSP|  FF | LUT | URAM|
    +-----------------------------------------------------+------------------------------------------+---------+----+-----+-----+-----+
    |grp_cordiccart2pol_Pipeline_VITIS_LOOP_108_1_fu_130  |cordiccart2pol_Pipeline_VITIS_LOOP_108_1  |        0|   4|  622|  567|    0|
    |mul_32s_30ns_61_2_1_U11                              |mul_32s_30ns_61_2_1                       |        0|   4|  165|   50|    0|
    |sparsemux_7_2_32_1_1_U12                             |sparsemux_7_2_32_1_1                      |        0|   0|    0|    9|    0|
    +-----------------------------------------------------+------------------------------------------+---------+----+-----+-----+-----+
    |Total                                                |                                          |        0|   8|  787|  626|    0|
    +-----------------------------------------------------+------------------------------------------+---------+----+-----+-----+-----+

    * DSP: 
    N/A

    * Memory: 
    N/A

    * FIFO: 
    N/A

    * Expression: 
    +-------------------------+----------+----+---+-----+------------+------------+
    |      Variable Name      | Operation| DSP| FF| LUT | Bitwidth P0| Bitwidth P1|
    +-------------------------+----------+----+---+-----+------------+------------+
    |add_ln94_fu_198_p2       |         +|   0|  0|   14|           6|           6|
    |sub_ln100_fu_344_p2      |         -|   0|  0|   39|           1|          32|
    |sub_ln101_fu_356_p2      |         -|   0|  0|   39|           1|          32|
    |sub_ln94_1_fu_204_p2     |         -|   0|  0|   14|           5|           6|
    |sub_ln94_fu_182_p2       |         -|   0|  0|   12|          11|          10|
    |and_ln94_fu_314_p2       |       and|   0|  0|    2|           1|           1|
    |ashr_ln94_fu_261_p2      |      ashr|   0|  0|  161|          54|          54|
    |icmp_ln94_1_fu_192_p2    |      icmp|   0|  0|   14|           6|           5|
    |icmp_ln94_2_fu_210_p2    |      icmp|   0|  0|   14|           6|           5|
    |icmp_ln94_3_fu_244_p2    |      icmp|   0|  0|   12|          11|           6|
    |icmp_ln94_4_fu_289_p2    |      icmp|   0|  0|   14|           6|           1|
    |icmp_ln94_fu_148_p2      |      icmp|   0|  0|   39|          32|           1|
    |select_ln716_fu_154_p3   |    select|   0|  0|   64|           1|          62|
    |select_ln94_1_fu_231_p3  |    select|   0|  0|    6|           1|           5|
    |select_ln94_2_fu_271_p3  |    select|   0|  0|   32|           1|          32|
    |select_ln94_3_fu_301_p3  |    select|   0|  0|   32|           1|          32|
    |select_ln94_4_fu_250_p3  |    select|   0|  0|    2|           1|           2|
    |select_ln94_fu_224_p3    |    select|   0|  0|   54|           1|          54|
    |x_1_fu_349_p3            |    select|   0|  0|   32|           1|          32|
    |y_1_fu_362_p3            |    select|   0|  0|   32|           1|          32|
    |shl_ln94_fu_295_p2       |       shl|   0|  0|  100|          32|          32|
    |xor_ln94_fu_309_p2       |       xor|   0|  0|    2|           1|           2|
    +-------------------------+----------+----+---+-----+------------+------------+
    |Total                    |          |   0|  0|  730|         181|         444|
    +-------------------------+----------+----+---+-----+------------+------------+

    * Multiplexer: 
    +---------------+----+-----------+-----+-----------+
    |      Name     | LUT| Input Size| Bits| Total Bits|
    +---------------+----+-----------+-----+-----------+
    |ap_NS_fsm      |  37|          7|    1|          7|
    |grp_fu_143_ce  |   9|          2|    1|          2|
    |grp_fu_143_p0  |  14|          3|   32|         96|
    |grp_fu_143_p1  |  14|          3|   30|         90|
    +---------------+----+-----------+-----+-----------+
    |Total          |  74|         15|   64|        195|
    +---------------+----+-----------+-----+-----------+

    * Register: 
    +------------------------------------------------------------------+----+----+-----+-----------+
    |                               Name                               | FF | LUT| Bits| Const Bits|
    +------------------------------------------------------------------+----+----+-----+-----------+
    |add_ln94_reg_423                                                  |   0|   0|   11|         11|
    |ans_theta_reg_460                                                 |  32|   0|   32|          0|
    |ap_CS_fsm                                                         |   6|   0|    6|          0|
    |grp_cordiccart2pol_Pipeline_VITIS_LOOP_108_1_fu_130_ap_start_reg  |   1|   0|    1|          0|
    |icmp_ln94_1_reg_417                                               |   1|   0|    1|          0|
    |icmp_ln94_2_reg_433                                               |   1|   0|    1|          0|
    |select_ln94_2_reg_450                                             |  32|   0|   32|          0|
    |select_ln94_3_reg_455                                             |  32|   0|   32|          0|
    |sub_ln94_1_reg_428                                                |   0|   0|   11|         11|
    |tmp_3_reg_439                                                     |   1|   0|    1|          0|
    |tmp_reg_411                                                       |   1|   0|    1|          0|
    |trunc_ln94_1_reg_445                                              |  28|   0|   32|          4|
    |x_1_reg_465                                                       |  32|   0|   32|          0|
    |x_3_loc_fu_100                                                    |  32|   0|   32|          0|
    |y_1_reg_470                                                       |  32|   0|   32|          0|
    |y_read_reg_393                                                    |  32|   0|   32|          0|
    +------------------------------------------------------------------+----+----+-----+-----------+
    |Total                                                             | 263|   0|  289|         26|
    +------------------------------------------------------------------+----+----+-----+-----------+



================================================================
== Interface
================================================================
* Summary: 
+--------------+-----+-----+------------+----------------+--------------+
|   RTL Ports  | Dir | Bits|  Protocol  |  Source Object |    C Type    |
+--------------+-----+-----+------------+----------------+--------------+
|ap_clk        |   in|    1|  ap_ctrl_hs|  cordiccart2pol|  return value|
|ap_rst        |   in|    1|  ap_ctrl_hs|  cordiccart2pol|  return value|
|ap_start      |   in|    1|  ap_ctrl_hs|  cordiccart2pol|  return value|
|ap_done       |  out|    1|  ap_ctrl_hs|  cordiccart2pol|  return value|
|ap_idle       |  out|    1|  ap_ctrl_hs|  cordiccart2pol|  return value|
|ap_ready      |  out|    1|  ap_ctrl_hs|  cordiccart2pol|  return value|
|x             |   in|   32|     ap_none|               x|        scalar|
|y             |   in|   32|     ap_none|               y|        scalar|
|r             |  out|   32|      ap_vld|               r|       pointer|
|r_ap_vld      |  out|    1|      ap_vld|               r|       pointer|
|theta         |  out|   32|      ap_vld|           theta|       pointer|
|theta_ap_vld  |  out|    1|      ap_vld|           theta|       pointer|
+--------------+-----+-----+------------+----------------+--------------+

