

================================================================
== Vitis HLS Report for 'cordiccart2pol'
================================================================
* Date:           Mon Oct 20 18:14:37 2025

* Version:        2024.2 (Build 5238294 on Nov  8 2024)
* Project:        cordiccart2pol.comp
* Solution:       hls (Vivado IP Flow Target)
* Product family: zynq
* Target device:  xc7z020-clg400-1


================================================================
== Performance Estimates
================================================================
+ Timing: 
    * Summary: 
    +--------+----------+----------+------------+
    |  Clock |  Target  | Estimated| Uncertainty|
    +--------+----------+----------+------------+
    |ap_clk  |  10.00 ns|  7.232 ns|     2.70 ns|
    +--------+----------+----------+------------+

+ Latency: 
    * Summary: 
    +---------+---------+----------+----------+-----+-----+---------+
    |  Latency (cycles) |  Latency (absolute) |  Interval | Pipeline|
    |   min   |   max   |    min   |    max   | min | max |   Type  |
    +---------+---------+----------+----------+-----+-----+---------+
    |       34|       34|  0.340 us|  0.340 us|   35|   35|       no|
    +---------+---------+----------+----------+-----+-----+---------+

    + Detail: 
        * Instance: 
        +-----------------------------------------------------+------------------------------------------+---------+---------+----------+----------+-----+-----+------------------------------------------------+
        |                                                     |                                          |  Latency (cycles) |  Latency (absolute) |  Interval |                    Pipeline                    |
        |                       Instance                      |                  Module                  |   min   |   max   |    min   |    max   | min | max |                      Type                      |
        +-----------------------------------------------------+------------------------------------------+---------+---------+----------+----------+-----+-----+------------------------------------------------+
        |grp_cordiccart2pol_Pipeline_VITIS_LOOP_108_1_fu_132  |cordiccart2pol_Pipeline_VITIS_LOOP_108_1  |       30|       30|  0.300 us|  0.300 us|   28|   28|  loop auto-rewind stp (delay=0 clock cycles(s))|
        +-----------------------------------------------------+------------------------------------------+---------+---------+----------+----------+-----+-----+------------------------------------------------+

        * Loop: 
        N/A



================================================================
== Utilization Estimates
================================================================
* Summary: 
+-----------------+---------+-----+--------+-------+-----+
|       Name      | BRAM_18K| DSP |   FF   |  LUT  | URAM|
+-----------------+---------+-----+--------+-------+-----+
|DSP              |        -|    -|       -|      -|    -|
|Expression       |        -|    -|       0|    481|    -|
|FIFO             |        -|    -|       -|      -|    -|
|Instance         |        0|    0|      92|    409|    -|
|Memory           |        -|    -|       -|      -|    -|
|Multiplexer      |        -|    -|       0|     31|    -|
|Register         |        -|    -|      78|      -|    -|
+-----------------+---------+-----+--------+-------+-----+
|Total            |        0|    0|     170|    921|    0|
+-----------------+---------+-----+--------+-------+-----+
|Available        |      280|  220|  106400|  53200|    0|
+-----------------+---------+-----+--------+-------+-----+
|Utilization (%)  |        0|    0|      ~0|      1|    0|
+-----------------+---------+-----+--------+-------+-----+

+ Detail: 
    * Instance: 
    +-----------------------------------------------------+------------------------------------------+---------+----+----+-----+-----+
    |                       Instance                      |                  Module                  | BRAM_18K| DSP| FF | LUT | URAM|
    +-----------------------------------------------------+------------------------------------------+---------+----+----+-----+-----+
    |grp_cordiccart2pol_Pipeline_VITIS_LOOP_108_1_fu_132  |cordiccart2pol_Pipeline_VITIS_LOOP_108_1  |        0|   0|  92|  359|    0|
    |mul_8s_6ns_13_1_1_U13                                |mul_8s_6ns_13_1_1                         |        0|   0|   0|   41|    0|
    |sparsemux_7_2_8_1_1_U12                              |sparsemux_7_2_8_1_1                       |        0|   0|   0|    9|    0|
    +-----------------------------------------------------+------------------------------------------+---------+----+----+-----+-----+
    |Total                                                |                                          |        0|   0|  92|  409|    0|
    +-----------------------------------------------------+------------------------------------------+---------+----+----+-----+-----+

    * DSP: 
    N/A

    * Memory: 
    N/A

    * FIFO: 
    N/A

    * Expression: 
    +-------------------------+----------+----+---+-----+------------+------------+
    |      Variable Name      | Operation| DSP| FF| LUT | Bitwidth P0| Bitwidth P1|
    +-------------------------+----------+----+---+-----+------------+------------+
    |add_ln94_fu_195_p2       |         +|   0|  0|   14|           6|           4|
    |sub_ln100_fu_341_p2      |         -|   0|  0|   15|           1|           8|
    |sub_ln101_fu_353_p2      |         -|   0|  0|   15|           1|           8|
    |sub_ln94_1_fu_201_p2     |         -|   0|  0|   14|           3|           6|
    |sub_ln94_fu_179_p2       |         -|   0|  0|   12|          11|          10|
    |and_ln94_fu_311_p2       |       and|   0|  0|    2|           1|           1|
    |ashr_ln94_fu_254_p2      |      ashr|   0|  0|  161|          54|          54|
    |icmp_ln94_1_fu_189_p2    |      icmp|   0|  0|   14|           6|           3|
    |icmp_ln94_2_fu_207_p2    |      icmp|   0|  0|   14|           6|           3|
    |icmp_ln94_3_fu_237_p2    |      icmp|   0|  0|   12|          11|           6|
    |icmp_ln94_4_fu_282_p2    |      icmp|   0|  0|   15|           8|           1|
    |icmp_ln94_fu_145_p2      |      icmp|   0|  0|   15|           8|           1|
    |select_ln716_fu_151_p3   |    select|   0|  0|   64|           1|          62|
    |select_ln94_1_fu_228_p3  |    select|   0|  0|    7|           1|           6|
    |select_ln94_2_fu_264_p3  |    select|   0|  0|    8|           1|           8|
    |select_ln94_3_fu_298_p3  |    select|   0|  0|    8|           1|           8|
    |select_ln94_4_fu_243_p3  |    select|   0|  0|    2|           1|           2|
    |select_ln94_fu_221_p3    |    select|   0|  0|   54|           1|          54|
    |x_1_fu_346_p3            |    select|   0|  0|    8|           1|           8|
    |y_1_fu_359_p3            |    select|   0|  0|    8|           1|           8|
    |shl_ln94_fu_292_p2       |       shl|   0|  0|   17|           8|           8|
    |xor_ln94_fu_306_p2       |       xor|   0|  0|    2|           1|           2|
    +-------------------------+----------+----+---+-----+------------+------------+
    |Total                    |          |   0|  0|  481|         133|         271|
    +-------------------------+----------+----+---+-----+------------+------------+

    * Multiplexer: 
    +-----------+----+-----------+-----+-----------+
    |    Name   | LUT| Input Size| Bits| Total Bits|
    +-----------+----+-----------+-----+-----------+
    |ap_NS_fsm  |  31|          6|    1|          6|
    +-----------+----+-----------+-----+-----------+
    |Total      |  31|          6|    1|          6|
    +-----------+----+-----------+-----+-----------+

    * Register: 
    +------------------------------------------------------------------+---+----+-----+-----------+
    |                               Name                               | FF| LUT| Bits| Const Bits|
    +------------------------------------------------------------------+---+----+-----+-----------+
    |add_ln94_reg_425                                                  |  0|   0|   11|         11|
    |ans_theta_2_loc_fu_98                                             |  8|   0|    8|          0|
    |ans_theta_reg_462                                                 |  8|   0|    8|          0|
    |ap_CS_fsm                                                         |  5|   0|    5|          0|
    |grp_cordiccart2pol_Pipeline_VITIS_LOOP_108_1_fu_132_ap_start_reg  |  1|   0|    1|          0|
    |icmp_ln94_1_reg_419                                               |  1|   0|    1|          0|
    |icmp_ln94_2_reg_435                                               |  1|   0|    1|          0|
    |select_ln94_2_reg_452                                             |  8|   0|    8|          0|
    |select_ln94_3_reg_457                                             |  8|   0|    8|          0|
    |sub_ln94_1_reg_430                                                |  0|   0|   11|         11|
    |tmp_3_reg_441                                                     |  1|   0|    1|          0|
    |tmp_reg_413                                                       |  1|   0|    1|          0|
    |trunc_ln94_1_reg_447                                              |  4|   0|    8|          4|
    |x_1_reg_467                                                       |  8|   0|    8|          0|
    |x_3_loc_fu_102                                                    |  8|   0|    8|          0|
    |y_1_reg_472                                                       |  8|   0|    8|          0|
    |y_read_reg_395                                                    |  8|   0|    8|          0|
    +------------------------------------------------------------------+---+----+-----+-----------+
    |Total                                                             | 78|   0|  104|         26|
    +------------------------------------------------------------------+---+----+-----+-----------+



================================================================
== Interface
================================================================
* Summary: 
+--------------+-----+-----+------------+----------------+--------------+
|   RTL Ports  | Dir | Bits|  Protocol  |  Source Object |    C Type    |
+--------------+-----+-----+------------+----------------+--------------+
|ap_clk        |   in|    1|  ap_ctrl_hs|  cordiccart2pol|  return value|
|ap_rst        |   in|    1|  ap_ctrl_hs|  cordiccart2pol|  return value|
|ap_start      |   in|    1|  ap_ctrl_hs|  cordiccart2pol|  return value|
|ap_done       |  out|    1|  ap_ctrl_hs|  cordiccart2pol|  return value|
|ap_idle       |  out|    1|  ap_ctrl_hs|  cordiccart2pol|  return value|
|ap_ready      |  out|    1|  ap_ctrl_hs|  cordiccart2pol|  return value|
|x             |   in|    8|     ap_none|               x|        scalar|
|y             |   in|    8|     ap_none|               y|        scalar|
|r             |  out|    8|      ap_vld|               r|       pointer|
|r_ap_vld      |  out|    1|      ap_vld|               r|       pointer|
|theta         |  out|    8|      ap_vld|           theta|       pointer|
|theta_ap_vld  |  out|    1|      ap_vld|           theta|       pointer|
+--------------+-----+-----+------------+----------------+--------------+

