
*** Running vivado
    with args -log design_dft_1024_axi_mem_intercon_imp_auto_us_1.vds -m64 -product Vivado -mode batch -messageDb vivado.pb -notrace -source design_dft_1024_axi_mem_intercon_imp_auto_us_1.tcl


****** Vivado v2024.2 (64-bit)
  **** SW Build 5239630 on Fri Nov 08 22:34:34 MST 2024
  **** IP Build 5239520 on Sun Nov 10 16:12:51 MST 2024
  **** SharedData Build 5239561 on Fri Nov 08 14:39:27 MST 2024
  **** Start of session at: Thu Nov  6 15:21:16 2025
    ** Copyright 1986-2022 Xilinx, Inc. All Rights Reserved.
    ** Copyright 2022-2024 Advanced Micro Devices, Inc. All Rights Reserved.

source design_dft_1024_axi_mem_intercon_imp_auto_us_1.tcl -notrace
create_project: Time (s): cpu = 00:00:09 ; elapsed = 00:00:09 . Memory (MB): peak = 1494.941 ; gain = 21.871 ; free physical = 14860 ; free virtual = 22327
INFO: [IP_Flow 19-234] Refreshing IP repositories
INFO: [IP_Flow 19-1700] Loaded user IP repository '/home/linux/ieng6/students/162/mak025/chole_bhature/project_files/project3/Q9/dft.comp/hls/impl/ip'.
INFO: [IP_Flow 19-2313] Loaded Vivado IP repository '/software/common/Xilinx_Vitis/Vivado/2024.2/data/ip'.
INFO: [IP_Flow 19-6924] IPCACHE: Running cache check for IP inst: design_dft_1024_axi_mem_intercon_imp_auto_us_1
INFO: [IP_Flow 19-6922] IPCACHE: Exporting cached entry aaaeba6229806ef7 to dir: /home/linux/ieng6/students/162/mak025/chole_bhature/project_files/project3/Q9/dft_1024/dft_1024.runs/design_dft_1024_axi_mem_intercon_imp_auto_us_1_synth_1
INFO: [IP_Flow 19-6928] IPCACHE: copied cached file /home/linux/ieng6/students/162/mak025/chole_bhature/project_files/project3/Q9/dft_1024/dft_1024.cache/ip/2024.2/a/a/aaaeba6229806ef7/design_dft_1024_axi_mem_intercon_imp_auto_us_3.dcp to /home/linux/ieng6/students/162/mak025/chole_bhature/project_files/project3/Q9/dft_1024/dft_1024.runs/design_dft_1024_axi_mem_intercon_imp_auto_us_1_synth_1/design_dft_1024_axi_mem_intercon_imp_auto_us_1.dcp.
INFO: [IP_Flow 19-6928] IPCACHE: copied cached file /home/linux/ieng6/students/162/mak025/chole_bhature/project_files/project3/Q9/dft_1024/dft_1024.cache/ip/2024.2/a/a/aaaeba6229806ef7/design_dft_1024_axi_mem_intercon_imp_auto_us_3_stub.v to /home/linux/ieng6/students/162/mak025/chole_bhature/project_files/project3/Q9/dft_1024/dft_1024.runs/design_dft_1024_axi_mem_intercon_imp_auto_us_1_synth_1/design_dft_1024_axi_mem_intercon_imp_auto_us_1_stub.v.
INFO: [IP_Flow 19-6928] IPCACHE: copied cached file /home/linux/ieng6/students/162/mak025/chole_bhature/project_files/project3/Q9/dft_1024/dft_1024.cache/ip/2024.2/a/a/aaaeba6229806ef7/design_dft_1024_axi_mem_intercon_imp_auto_us_3_stub.vhdl to /home/linux/ieng6/students/162/mak025/chole_bhature/project_files/project3/Q9/dft_1024/dft_1024.runs/design_dft_1024_axi_mem_intercon_imp_auto_us_1_synth_1/design_dft_1024_axi_mem_intercon_imp_auto_us_1_stub.vhdl.
INFO: [IP_Flow 19-6928] IPCACHE: copied cached file /home/linux/ieng6/students/162/mak025/chole_bhature/project_files/project3/Q9/dft_1024/dft_1024.cache/ip/2024.2/a/a/aaaeba6229806ef7/design_dft_1024_axi_mem_intercon_imp_auto_us_3_sim_netlist.v to /home/linux/ieng6/students/162/mak025/chole_bhature/project_files/project3/Q9/dft_1024/dft_1024.runs/design_dft_1024_axi_mem_intercon_imp_auto_us_1_synth_1/design_dft_1024_axi_mem_intercon_imp_auto_us_1_sim_netlist.v.
INFO: [IP_Flow 19-6928] IPCACHE: copied cached file /home/linux/ieng6/students/162/mak025/chole_bhature/project_files/project3/Q9/dft_1024/dft_1024.cache/ip/2024.2/a/a/aaaeba6229806ef7/design_dft_1024_axi_mem_intercon_imp_auto_us_3_sim_netlist.vhdl to /home/linux/ieng6/students/162/mak025/chole_bhature/project_files/project3/Q9/dft_1024/dft_1024.runs/design_dft_1024_axi_mem_intercon_imp_auto_us_1_synth_1/design_dft_1024_axi_mem_intercon_imp_auto_us_1_sim_netlist.vhdl.
INFO: [IP_Flow 19-4838] Using cached IP synthesis design for IP design_dft_1024_axi_mem_intercon_imp_auto_us_1, cache-ID = aaaeba6229806ef7.
INFO: [Common 17-206] Exiting Vivado at Thu Nov  6 15:21:33 2025...
