

================================================================
== Vitis HLS Report for 'cordiccart2pol'
================================================================
* Date:           Thu Oct 23 12:38:56 2025

* Version:        2024.2 (Build 5238294 on Nov  8 2024)
* Project:        cordiccart2pol.comp
* Solution:       hls (Vivado IP Flow Target)
* Product family: zynq
* Target device:  xc7z020-clg400-1


================================================================
== Performance Estimates
================================================================
+ Timing: 
    * Summary: 
    +--------+----------+----------+------------+
    |  Clock |  Target  | Estimated| Uncertainty|
    +--------+----------+----------+------------+
    |ap_clk  |  10.00 ns|  6.744 ns|     2.70 ns|
    +--------+----------+----------+------------+

+ Latency: 
    * Summary: 
    +---------+---------+----------+----------+-----+-----+---------+
    |  Latency (cycles) |  Latency (absolute) |  Interval | Pipeline|
    |   min   |   max   |    min   |    max   | min | max |   Type  |
    +---------+---------+----------+----------+-----+-----+---------+
    |       35|       35|  0.350 us|  0.350 us|   36|   36|       no|
    +---------+---------+----------+----------+-----+-----+---------+

    + Detail: 
        * Instance: 
        +-----------------------------------------------------+------------------------------------------+---------+---------+----------+----------+-----+-----+------------------------------------------------+
        |                                                     |                                          |  Latency (cycles) |  Latency (absolute) |  Interval |                    Pipeline                    |
        |                       Instance                      |                  Module                  |   min   |   max   |    min   |    max   | min | max |                      Type                      |
        +-----------------------------------------------------+------------------------------------------+---------+---------+----------+----------+-----+-----+------------------------------------------------+
        |grp_cordiccart2pol_Pipeline_VITIS_LOOP_108_1_fu_134  |cordiccart2pol_Pipeline_VITIS_LOOP_108_1  |       31|       31|  0.310 us|  0.310 us|   28|   28|  loop auto-rewind stp (delay=0 clock cycles(s))|
        +-----------------------------------------------------+------------------------------------------+---------+---------+----------+----------+-----+-----+------------------------------------------------+

        * Loop: 
        N/A



================================================================
== Utilization Estimates
================================================================
* Summary: 
+-----------------+---------+-----+--------+-------+-----+
|       Name      | BRAM_18K| DSP |   FF   |  LUT  | URAM|
+-----------------+---------+-----+--------+-------+-----+
|DSP              |        -|    -|       -|      -|    -|
|Expression       |        -|    -|       0|    554|    -|
|FIFO             |        -|    -|       -|      -|    -|
|Instance         |        0|    3|     260|    376|    -|
|Memory           |        -|    -|       -|      -|    -|
|Multiplexer      |        -|    -|       0|     31|    -|
|Register         |        -|    -|     134|      -|    -|
+-----------------+---------+-----+--------+-------+-----+
|Total            |        0|    3|     394|    961|    0|
+-----------------+---------+-----+--------+-------+-----+
|Available        |      280|  220|  106400|  53200|    0|
+-----------------+---------+-----+--------+-------+-----+
|Utilization (%)  |        0|    1|      ~0|      1|    0|
+-----------------+---------+-----+--------+-------+-----+

+ Detail: 
    * Instance: 
    +-----------------------------------------------------+------------------------------------------+---------+----+-----+-----+-----+
    |                       Instance                      |                  Module                  | BRAM_18K| DSP|  FF | LUT | URAM|
    +-----------------------------------------------------+------------------------------------------+---------+----+-----+-----+-----+
    |grp_cordiccart2pol_Pipeline_VITIS_LOOP_108_1_fu_134  |cordiccart2pol_Pipeline_VITIS_LOOP_108_1  |        0|   2|  260|  361|    0|
    |mul_16s_14ns_29_1_1_U13                              |mul_16s_14ns_29_1_1                       |        0|   1|    0|    6|    0|
    |sparsemux_7_2_16_1_1_U12                             |sparsemux_7_2_16_1_1                      |        0|   0|    0|    9|    0|
    +-----------------------------------------------------+------------------------------------------+---------+----+-----+-----+-----+
    |Total                                                |                                          |        0|   3|  260|  376|    0|
    +-----------------------------------------------------+------------------------------------------+---------+----+-----+-----+-----+

    * DSP: 
    N/A

    * Memory: 
    N/A

    * FIFO: 
    N/A

    * Expression: 
    +-------------------------+----------+----+---+-----+------------+------------+
    |      Variable Name      | Operation| DSP| FF| LUT | Bitwidth P0| Bitwidth P1|
    +-------------------------+----------+----+---+-----+------------+------------+
    |add_ln94_fu_197_p2       |         +|   0|  0|   14|           6|           5|
    |sub_ln100_fu_343_p2      |         -|   0|  0|   23|           1|          16|
    |sub_ln101_fu_355_p2      |         -|   0|  0|   23|           1|          16|
    |sub_ln94_1_fu_203_p2     |         -|   0|  0|   14|           4|           6|
    |sub_ln94_fu_181_p2       |         -|   0|  0|   12|          11|          10|
    |and_ln94_fu_313_p2       |       and|   0|  0|    2|           1|           1|
    |ashr_ln94_fu_256_p2      |      ashr|   0|  0|  161|          54|          54|
    |icmp_ln94_1_fu_191_p2    |      icmp|   0|  0|   14|           6|           4|
    |icmp_ln94_2_fu_209_p2    |      icmp|   0|  0|   14|           6|           4|
    |icmp_ln94_3_fu_239_p2    |      icmp|   0|  0|   12|          11|           6|
    |icmp_ln94_4_fu_284_p2    |      icmp|   0|  0|   14|           7|           1|
    |icmp_ln94_fu_147_p2      |      icmp|   0|  0|   23|          16|           1|
    |select_ln716_fu_153_p3   |    select|   0|  0|   64|           1|          62|
    |select_ln94_1_fu_230_p3  |    select|   0|  0|    7|           1|           6|
    |select_ln94_2_fu_266_p3  |    select|   0|  0|   16|           1|          16|
    |select_ln94_3_fu_300_p3  |    select|   0|  0|   16|           1|          16|
    |select_ln94_4_fu_245_p3  |    select|   0|  0|    2|           1|           2|
    |select_ln94_fu_223_p3    |    select|   0|  0|   54|           1|          54|
    |x_1_fu_348_p3            |    select|   0|  0|   16|           1|          16|
    |y_1_fu_361_p3            |    select|   0|  0|   16|           1|          16|
    |shl_ln94_fu_294_p2       |       shl|   0|  0|   35|          16|          16|
    |xor_ln94_fu_308_p2       |       xor|   0|  0|    2|           1|           2|
    +-------------------------+----------+----+---+-----+------------+------------+
    |Total                    |          |   0|  0|  554|         149|         330|
    +-------------------------+----------+----+---+-----+------------+------------+

    * Multiplexer: 
    +-----------+----+-----------+-----+-----------+
    |    Name   | LUT| Input Size| Bits| Total Bits|
    +-----------+----+-----------+-----+-----------+
    |ap_NS_fsm  |  31|          6|    1|          6|
    +-----------+----+-----------+-----+-----------+
    |Total      |  31|          6|    1|          6|
    +-----------+----+-----------+-----+-----------+

    * Register: 
    +------------------------------------------------------------------+----+----+-----+-----------+
    |                               Name                               | FF | LUT| Bits| Const Bits|
    +------------------------------------------------------------------+----+----+-----+-----------+
    |add_ln94_reg_427                                                  |   0|   0|   11|         11|
    |ans_theta_reg_464                                                 |  16|   0|   16|          0|
    |ap_CS_fsm                                                         |   5|   0|    5|          0|
    |grp_cordiccart2pol_Pipeline_VITIS_LOOP_108_1_fu_134_ap_start_reg  |   1|   0|    1|          0|
    |icmp_ln94_1_reg_421                                               |   1|   0|    1|          0|
    |icmp_ln94_2_reg_437                                               |   1|   0|    1|          0|
    |select_ln94_2_reg_454                                             |  16|   0|   16|          0|
    |select_ln94_3_reg_459                                             |  16|   0|   16|          0|
    |sub_ln94_1_reg_432                                                |   0|   0|   11|         11|
    |tmp_3_reg_443                                                     |   1|   0|    1|          0|
    |tmp_reg_415                                                       |   1|   0|    1|          0|
    |trunc_ln94_1_reg_449                                              |  12|   0|   16|          4|
    |x_1_reg_469                                                       |  16|   0|   16|          0|
    |x_3_loc_fu_104                                                    |  16|   0|   16|          0|
    |y_1_reg_474                                                       |  16|   0|   16|          0|
    |y_read_reg_397                                                    |  16|   0|   16|          0|
    +------------------------------------------------------------------+----+----+-----+-----------+
    |Total                                                             | 134|   0|  160|         26|
    +------------------------------------------------------------------+----+----+-----+-----------+



================================================================
== Interface
================================================================
* Summary: 
+--------------+-----+-----+------------+----------------+--------------+
|   RTL Ports  | Dir | Bits|  Protocol  |  Source Object |    C Type    |
+--------------+-----+-----+------------+----------------+--------------+
|ap_clk        |   in|    1|  ap_ctrl_hs|  cordiccart2pol|  return value|
|ap_rst        |   in|    1|  ap_ctrl_hs|  cordiccart2pol|  return value|
|ap_start      |   in|    1|  ap_ctrl_hs|  cordiccart2pol|  return value|
|ap_done       |  out|    1|  ap_ctrl_hs|  cordiccart2pol|  return value|
|ap_idle       |  out|    1|  ap_ctrl_hs|  cordiccart2pol|  return value|
|ap_ready      |  out|    1|  ap_ctrl_hs|  cordiccart2pol|  return value|
|x             |   in|   16|     ap_none|               x|        scalar|
|y             |   in|   16|     ap_none|               y|        scalar|
|r             |  out|   16|      ap_vld|               r|       pointer|
|r_ap_vld      |  out|    1|      ap_vld|               r|       pointer|
|theta         |  out|   16|      ap_vld|           theta|       pointer|
|theta_ap_vld  |  out|    1|      ap_vld|           theta|       pointer|
+--------------+-----+-----+------------+----------------+--------------+

