
*** Running vivado
    with args -log design_dft_1024_axi_mem_intercon_imp_auto_us_0.vds -m64 -product Vivado -mode batch -messageDb vivado.pb -notrace -source design_dft_1024_axi_mem_intercon_imp_auto_us_0.tcl


****** Vivado v2024.2 (64-bit)
  **** SW Build 5239630 on Fri Nov 08 22:34:34 MST 2024
  **** IP Build 5239520 on Sun Nov 10 16:12:51 MST 2024
  **** SharedData Build 5239561 on Fri Nov 08 14:39:27 MST 2024
  **** Start of session at: Thu Nov  6 15:21:48 2025
    ** Copyright 1986-2022 Xilinx, Inc. All Rights Reserved.
    ** Copyright 2022-2024 Advanced Micro Devices, Inc. All Rights Reserved.

source design_dft_1024_axi_mem_intercon_imp_auto_us_0.tcl -notrace
create_project: Time (s): cpu = 00:00:09 ; elapsed = 00:00:10 . Memory (MB): peak = 1494.977 ; gain = 24.871 ; free physical = 16476 ; free virtual = 23944
INFO: [IP_Flow 19-234] Refreshing IP repositories
INFO: [IP_Flow 19-1700] Loaded user IP repository '/home/linux/ieng6/students/162/mak025/chole_bhature/project_files/project3/Q9/dft.comp/hls/impl/ip'.
INFO: [IP_Flow 19-2313] Loaded Vivado IP repository '/software/common/Xilinx_Vitis/Vivado/2024.2/data/ip'.
INFO: [IP_Flow 19-6924] IPCACHE: Running cache check for IP inst: design_dft_1024_axi_mem_intercon_imp_auto_us_0
INFO: [IP_Flow 19-6922] IPCACHE: Exporting cached entry a1f4e854dde34f3e to dir: /home/linux/ieng6/students/162/mak025/chole_bhature/project_files/project3/Q9/dft_1024/dft_1024.runs/design_dft_1024_axi_mem_intercon_imp_auto_us_0_synth_1
INFO: [IP_Flow 19-6928] IPCACHE: copied cached file /home/linux/ieng6/students/162/mak025/chole_bhature/project_files/project3/Q9/dft_1024/dft_1024.cache/ip/2024.2/a/1/a1f4e854dde34f3e/design_dft_1024_axi_mem_intercon_imp_auto_us_2.dcp to /home/linux/ieng6/students/162/mak025/chole_bhature/project_files/project3/Q9/dft_1024/dft_1024.runs/design_dft_1024_axi_mem_intercon_imp_auto_us_0_synth_1/design_dft_1024_axi_mem_intercon_imp_auto_us_0.dcp.
INFO: [IP_Flow 19-6928] IPCACHE: copied cached file /home/linux/ieng6/students/162/mak025/chole_bhature/project_files/project3/Q9/dft_1024/dft_1024.cache/ip/2024.2/a/1/a1f4e854dde34f3e/design_dft_1024_axi_mem_intercon_imp_auto_us_2_stub.v to /home/linux/ieng6/students/162/mak025/chole_bhature/project_files/project3/Q9/dft_1024/dft_1024.runs/design_dft_1024_axi_mem_intercon_imp_auto_us_0_synth_1/design_dft_1024_axi_mem_intercon_imp_auto_us_0_stub.v.
INFO: [IP_Flow 19-6928] IPCACHE: copied cached file /home/linux/ieng6/students/162/mak025/chole_bhature/project_files/project3/Q9/dft_1024/dft_1024.cache/ip/2024.2/a/1/a1f4e854dde34f3e/design_dft_1024_axi_mem_intercon_imp_auto_us_2_stub.vhdl to /home/linux/ieng6/students/162/mak025/chole_bhature/project_files/project3/Q9/dft_1024/dft_1024.runs/design_dft_1024_axi_mem_intercon_imp_auto_us_0_synth_1/design_dft_1024_axi_mem_intercon_imp_auto_us_0_stub.vhdl.
INFO: [IP_Flow 19-6928] IPCACHE: copied cached file /home/linux/ieng6/students/162/mak025/chole_bhature/project_files/project3/Q9/dft_1024/dft_1024.cache/ip/2024.2/a/1/a1f4e854dde34f3e/design_dft_1024_axi_mem_intercon_imp_auto_us_2_sim_netlist.v to /home/linux/ieng6/students/162/mak025/chole_bhature/project_files/project3/Q9/dft_1024/dft_1024.runs/design_dft_1024_axi_mem_intercon_imp_auto_us_0_synth_1/design_dft_1024_axi_mem_intercon_imp_auto_us_0_sim_netlist.v.
INFO: [IP_Flow 19-6928] IPCACHE: copied cached file /home/linux/ieng6/students/162/mak025/chole_bhature/project_files/project3/Q9/dft_1024/dft_1024.cache/ip/2024.2/a/1/a1f4e854dde34f3e/design_dft_1024_axi_mem_intercon_imp_auto_us_2_sim_netlist.vhdl to /home/linux/ieng6/students/162/mak025/chole_bhature/project_files/project3/Q9/dft_1024/dft_1024.runs/design_dft_1024_axi_mem_intercon_imp_auto_us_0_synth_1/design_dft_1024_axi_mem_intercon_imp_auto_us_0_sim_netlist.vhdl.
INFO: [IP_Flow 19-4838] Using cached IP synthesis design for IP design_dft_1024_axi_mem_intercon_imp_auto_us_0, cache-ID = a1f4e854dde34f3e.
INFO: [Common 17-206] Exiting Vivado at Thu Nov  6 15:22:09 2025...
