Copyright 1986-2022 Xilinx, Inc. All Rights Reserved. Copyright 2022-2024 Advanced Micro Devices, Inc. All Rights Reserved.
---------------------------------------------------------------------------------------------------------------------------------------------
| Tool Version : Vivado v.2024.2 (lin64) Build 5239630 Fri Nov 08 22:34:34 MST 2024
| Date         : Mon Oct 20 21:17:02 2025
| Host         : ieng6-307.ucsd.edu running 64-bit Linux Mint 22.1
| Command      : report_control_sets -verbose -file cordic_wrapper_control_sets_placed.rpt
| Design       : cordic_wrapper
| Device       : xc7z020
---------------------------------------------------------------------------------------------------------------------------------------------

Control Set Information

Table of Contents
-----------------
1. Summary
2. Histogram
3. Flip-Flop Distribution
4. Detailed Control Set Information

1. Summary
----------

+----------------------------------------------------------+-------+
|                          Status                          | Count |
+----------------------------------------------------------+-------+
| Total control sets                                       |    56 |
|    Minimum number of control sets                        |    56 |
|    Addition due to synthesis replication                 |     0 |
|    Addition due to physical synthesis replication        |     0 |
| Unused register locations in slices containing registers |   189 |
+----------------------------------------------------------+-------+
* Control sets can be merged at opt_design using control_set_merge or merge_equivalent_drivers
** Run report_qor_suggestions for automated merging and remapping suggestions


2. Histogram
------------

+--------------------+-------+
|       Fanout       | Count |
+--------------------+-------+
| Total control sets |    56 |
| >= 0 to < 4        |    14 |
| >= 4 to < 6        |     7 |
| >= 6 to < 8        |     5 |
| >= 8 to < 10       |     7 |
| >= 10 to < 12      |     0 |
| >= 12 to < 14      |     4 |
| >= 14 to < 16      |     0 |
| >= 16              |    19 |
+--------------------+-------+
* Control sets can be remapped at either synth_design or opt_design


3. Flip-Flop Distribution
-------------------------

+--------------+-----------------------+------------------------+-----------------+--------------+
| Clock Enable | Synchronous Set/Reset | Asynchronous Set/Reset | Total Registers | Total Slices |
+--------------+-----------------------+------------------------+-----------------+--------------+
| No           | No                    | No                     |             120 |           40 |
| No           | No                    | Yes                    |              27 |            9 |
| No           | Yes                   | No                     |              88 |           43 |
| Yes          | No                    | No                     |             356 |          100 |
| Yes          | No                    | Yes                    |               0 |            0 |
| Yes          | Yes                   | No                     |             180 |           48 |
+--------------+-----------------------+------------------------+-----------------+--------------+


4. Detailed Control Set Information
-----------------------------------

+-----------------------------------------------+-----------------------------------------------------------------------------------------------------------------------------------------------------------------+-------------------------------------------------------------------------------------------------------------------------------------------------------------------------------------------------------+------------------+----------------+--------------+
|                  Clock Signal                 |                                                                          Enable Signal                                                                          |                                                                                            Set/Reset Signal                                                                                           | Slice Load Count | Bel Load Count | Bels / Slice |
+-----------------------------------------------+-----------------------------------------------------------------------------------------------------------------------------------------------------------------+-------------------------------------------------------------------------------------------------------------------------------------------------------------------------------------------------------+------------------+----------------+--------------+
|  cordic_i/processing_system7_0/inst/FCLK_CLK0 |                                                                                                                                                                 | cordic_i/axi_smc/inst/s00_nodes/s00_w_node/inst/s_sc_areset_pipe                                                                                                                                      |                1 |              1 |         1.00 |
|  cordic_i/processing_system7_0/inst/FCLK_CLK0 |                                                                                                                                                                 | cordic_i/axi_smc/inst/s00_nodes/s00_ar_node/inst/s_sc_areset_pipe                                                                                                                                     |                1 |              1 |         1.00 |
|  cordic_i/processing_system7_0/inst/FCLK_CLK0 |                                                                                                                                                                 | cordic_i/axi_smc/inst/s00_nodes/s00_r_node/inst/s_sc_areset_pipe                                                                                                                                      |                1 |              1 |         1.00 |
|  cordic_i/processing_system7_0/inst/FCLK_CLK0 |                                                                                                                                                                 | cordic_i/axi_smc/inst/s00_nodes/s00_b_node/inst/s_sc_areset_pipe                                                                                                                                      |                1 |              1 |         1.00 |
|  cordic_i/processing_system7_0/inst/FCLK_CLK0 |                                                                                                                                                                 | cordic_i/axi_smc/inst/s00_nodes/s00_aw_node/inst/s_sc_areset_pipe                                                                                                                                     |                1 |              1 |         1.00 |
|  cordic_i/processing_system7_0/inst/FCLK_CLK0 |                                                                                                                                                                 | cordic_i/axi_smc/inst/s00_entry_pipeline/s00_transaction_regulator/inst/xpm_cdc_async_rst_inst/reset_pol                                                                                              |                1 |              3 |         3.00 |
|  cordic_i/processing_system7_0/inst/FCLK_CLK0 |                                                                                                                                                                 | cordic_i/axi_smc/inst/s00_nodes/s00_ar_node/inst/s_sc_xpm_cdc_async_rst_inst/reset_pol                                                                                                                |                1 |              3 |         3.00 |
|  cordic_i/processing_system7_0/inst/FCLK_CLK0 |                                                                                                                                                                 | cordic_i/axi_smc/inst/s00_nodes/s00_w_node/inst/s_sc_xpm_cdc_async_rst_inst/reset_pol                                                                                                                 |                1 |              3 |         3.00 |
|  cordic_i/processing_system7_0/inst/FCLK_CLK0 |                                                                                                                                                                 | cordic_i/axi_smc/inst/s00_nodes/s00_r_node/inst/s_sc_xpm_cdc_async_rst_inst/reset_pol                                                                                                                 |                1 |              3 |         3.00 |
|  cordic_i/processing_system7_0/inst/FCLK_CLK0 |                                                                                                                                                                 | cordic_i/axi_smc/inst/s00_nodes/s00_b_node/inst/s_sc_xpm_cdc_async_rst_inst/reset_pol                                                                                                                 |                1 |              3 |         3.00 |
|  cordic_i/processing_system7_0/inst/FCLK_CLK0 |                                                                                                                                                                 | cordic_i/axi_smc/inst/s00_nodes/s00_aw_node/inst/s_sc_xpm_cdc_async_rst_inst/reset_pol                                                                                                                |                1 |              3 |         3.00 |
|  cordic_i/processing_system7_0/inst/FCLK_CLK0 |                                                                                                                                                                 | cordic_i/axi_smc/inst/s00_entry_pipeline/s00_si_converter/inst/xpm_cdc_async_rst_inst/reset_pol                                                                                                       |                1 |              3 |         3.00 |
|  cordic_i/processing_system7_0/inst/FCLK_CLK0 |                                                                                                                                                                 | cordic_i/axi_smc/inst/m00_exit_pipeline/m00_exit/inst/xpm_cdc_async_rst_inst/reset_pol                                                                                                                |                1 |              3 |         3.00 |
|  cordic_i/processing_system7_0/inst/FCLK_CLK0 |                                                                                                                                                                 | cordic_i/axi_smc/inst/s00_entry_pipeline/s00_mmu/inst/xpm_cdc_async_rst_inst/reset_pol                                                                                                                |                1 |              3 |         3.00 |
|  cordic_i/processing_system7_0/inst/FCLK_CLK0 | cordic_i/cordiccart2pol_0/inst/grp_cordiccart2pol_Pipeline_VITIS_LOOP_115_1_fu_146/ap_ready_int                                                                 | cordic_i/cordiccart2pol_0/inst/grp_cordiccart2pol_Pipeline_VITIS_LOOP_115_1_fu_146/flow_control_loop_pipe_sequential_init_U/grp_cordiccart2pol_Pipeline_VITIS_LOOP_115_1_fu_146_ap_start_reg_reg_0[0] |                1 |              4 |         4.00 |
|  cordic_i/processing_system7_0/inst/FCLK_CLK0 | cordic_i/cordiccart2pol_0/inst/control_s_axi_U/waddr                                                                                                            |                                                                                                                                                                                                       |                1 |              4 |         4.00 |
|  cordic_i/processing_system7_0/inst/FCLK_CLK0 | cordic_i/cordiccart2pol_0/inst/grp_cordiccart2pol_Pipeline_VITIS_LOOP_115_1_fu_146/ap_CS_fsm_pp0_stage0                                                         | cordic_i/cordiccart2pol_0/inst/grp_cordiccart2pol_Pipeline_VITIS_LOOP_115_1_fu_146/i1_load_reg_288[3]_i_1_n_0                                                                                         |                1 |              4 |         4.00 |
|  cordic_i/processing_system7_0/inst/FCLK_CLK0 | cordic_i/axi_smc/inst/s00_nodes/s00_aw_node/inst/inst_mi_handler/gen_normal_area.inst_fifo_node_payld/gen_reg_fifo.inst_reg_fifo/gen_single_rank.inst_cntr/E[0] |                                                                                                                                                                                                       |                2 |              4 |         2.00 |
|  cordic_i/processing_system7_0/inst/FCLK_CLK0 |                                                                                                                                                                 | cordic_i/rst_ps7_0_50M/U0/EXT_LPF/lpf_int                                                                                                                                                             |                3 |              4 |         1.33 |
|  cordic_i/processing_system7_0/inst/FCLK_CLK0 |                                                                                                                                                                 | cordic_i/axi_smc/inst/clk_map/psr_aclk/U0/EXT_LPF/lpf_int                                                                                                                                             |                1 |              4 |         4.00 |
|  cordic_i/processing_system7_0/inst/FCLK_CLK0 | cordic_i/cordiccart2pol_0/inst/grp_cordiccart2pol_Pipeline_VITIS_LOOP_115_1_fu_146/angles_U/angles_ce0_local                                                    |                                                                                                                                                                                                       |                1 |              5 |         5.00 |
|  cordic_i/processing_system7_0/inst/FCLK_CLK0 | cordic_i/axi_smc/inst/s00_nodes/s00_ar_node/inst/inst_mi_handler/gen_normal_area.inst_fifo_node_payld/gen_reg_fifo.inst_reg_fifo/gen_single_rank.inst_cntr/E[0] |                                                                                                                                                                                                       |                1 |              6 |         6.00 |
|  cordic_i/processing_system7_0/inst/FCLK_CLK0 | cordic_i/axi_smc/inst/s00_entry_pipeline/s00_si_converter/inst/gen_axilite_conv.axilite_conv_inst/aw_addr[5]_i_1_n_0                                            | cordic_i/axi_smc/inst/s00_entry_pipeline/s00_si_converter/inst/areset                                                                                                                                 |                2 |              6 |         3.00 |
|  cordic_i/processing_system7_0/inst/FCLK_CLK0 | cordic_i/axi_smc/inst/s00_entry_pipeline/s00_si_converter/inst/gen_axilite_conv.axilite_conv_inst/ar_addr_d[5]_i_1_n_0                                          | cordic_i/axi_smc/inst/s00_entry_pipeline/s00_si_converter/inst/areset                                                                                                                                 |                2 |              6 |         3.00 |
|  cordic_i/processing_system7_0/inst/FCLK_CLK0 | cordic_i/rst_ps7_0_50M/U0/SEQ/seq_cnt_en                                                                                                                        | cordic_i/rst_ps7_0_50M/U0/SEQ/SEQ_COUNTER/clear                                                                                                                                                       |                1 |              6 |         6.00 |
|  cordic_i/processing_system7_0/inst/FCLK_CLK0 | cordic_i/axi_smc/inst/clk_map/psr_aclk/U0/SEQ/seq_cnt_en                                                                                                        | cordic_i/axi_smc/inst/clk_map/psr_aclk/U0/SEQ/SEQ_COUNTER/clear                                                                                                                                       |                1 |              6 |         6.00 |
|  cordic_i/processing_system7_0/inst/FCLK_CLK0 | cordic_i/axi_smc/inst/s00_entry_pipeline/s00_mmu/inst/gen_endpoint.decerr_slave_inst/gen_axi.gen_read.read_cnt[7]_i_1_n_0                                       | cordic_i/axi_smc/inst/s00_entry_pipeline/s00_mmu/inst/areset                                                                                                                                          |                3 |              8 |         2.67 |
|  cordic_i/processing_system7_0/inst/FCLK_CLK0 | cordic_i/axi_smc/inst/s00_entry_pipeline/s00_si_converter/inst/gen_axilite_conv.axilite_conv_inst/r_beats[7]_i_1_n_0                                            | cordic_i/axi_smc/inst/s00_entry_pipeline/s00_si_converter/inst/areset                                                                                                                                 |                3 |              8 |         2.67 |
|  cordic_i/processing_system7_0/inst/FCLK_CLK0 | cordic_i/cordiccart2pol_0/inst/grp_cordiccart2pol_Pipeline_VITIS_LOOP_115_1_fu_146/angles_U/angles_ce0_local                                                    | cordic_i/cordiccart2pol_0/inst/grp_cordiccart2pol_Pipeline_VITIS_LOOP_115_1_fu_146/angles_U/q0[12]_i_1_n_0                                                                                            |                2 |              8 |         4.00 |
|  cordic_i/processing_system7_0/inst/FCLK_CLK0 | cordic_i/axi_smc/inst/s00_entry_pipeline/s00_si_converter/inst/gen_axilite_conv.axilite_conv_inst/ar_cnt[8]_i_1_n_0                                             | cordic_i/axi_smc/inst/s00_entry_pipeline/s00_si_converter/inst/areset                                                                                                                                 |                3 |              9 |         3.00 |
|  cordic_i/processing_system7_0/inst/FCLK_CLK0 | cordic_i/axi_smc/inst/s00_entry_pipeline/s00_si_converter/inst/gen_axilite_conv.axilite_conv_inst/m_aruser                                                      | cordic_i/axi_smc/inst/s00_entry_pipeline/s00_si_converter/inst/areset                                                                                                                                 |                2 |              9 |         4.50 |
|  cordic_i/processing_system7_0/inst/FCLK_CLK0 | cordic_i/axi_smc/inst/s00_entry_pipeline/s00_si_converter/inst/gen_axilite_conv.axilite_conv_inst/b_cnt                                                         | cordic_i/axi_smc/inst/s00_entry_pipeline/s00_si_converter/inst/gen_axilite_conv.axilite_conv_inst/b_cnt[8]_i_1_n_0                                                                                    |                4 |              9 |         2.25 |
|  cordic_i/processing_system7_0/inst/FCLK_CLK0 | cordic_i/axi_smc/inst/s00_entry_pipeline/s00_si_converter/inst/gen_axilite_conv.axilite_conv_inst/w_cnt[8]_i_1_n_0                                              | cordic_i/axi_smc/inst/s00_entry_pipeline/s00_si_converter/inst/areset                                                                                                                                 |                2 |              9 |         4.50 |
|  cordic_i/processing_system7_0/inst/FCLK_CLK0 | cordic_i/axi_smc/inst/s00_entry_pipeline/s00_transaction_regulator/inst/gen_endpoint.gen_w_singleorder.w_singleorder/gen_id_reg.s_rid_i0                        |                                                                                                                                                                                                       |                2 |             12 |         6.00 |
|  cordic_i/processing_system7_0/inst/FCLK_CLK0 | cordic_i/axi_smc/inst/s00_entry_pipeline/s00_transaction_regulator/inst/gen_endpoint.gen_r_singleorder.r_singleorder/gen_id_reg.s_rid_i0                        |                                                                                                                                                                                                       |                4 |             12 |         3.00 |
|  cordic_i/processing_system7_0/inst/FCLK_CLK0 | cordic_i/axi_smc/inst/s00_entry_pipeline/s00_mmu/inst/gen_endpoint.decerr_slave_inst/gen_axi.gen_read.s_axi_rid_i[11]_i_1_n_0                                   | cordic_i/axi_smc/inst/s00_entry_pipeline/s00_mmu/inst/areset                                                                                                                                          |                4 |             12 |         3.00 |
|  cordic_i/processing_system7_0/inst/FCLK_CLK0 | cordic_i/axi_smc/inst/s00_entry_pipeline/s00_mmu/inst/gen_endpoint.decerr_slave_inst/gen_axi.gen_write.s_axi_bid_i[11]_i_1_n_0                                  | cordic_i/axi_smc/inst/s00_entry_pipeline/s00_mmu/inst/areset                                                                                                                                          |                2 |             12 |         6.00 |
|  cordic_i/processing_system7_0/inst/FCLK_CLK0 | cordic_i/axi_smc/inst/s00_nodes/s00_r_node/inst/inst_mi_handler/gen_normal_area.inst_fifo_node_payld/gen_reg_fifo.inst_reg_fifo/gen_single_rank.inst_cntr/E[0]  |                                                                                                                                                                                                       |                3 |             16 |         5.33 |
|  cordic_i/processing_system7_0/inst/FCLK_CLK0 | cordic_i/axi_smc/inst/s00_entry_pipeline/s00_si_converter/inst/gen_axilite_conv.axilite_conv_inst/s_axi_rdata_i[31]_i_1_n_0                                     | cordic_i/axi_smc/inst/s00_entry_pipeline/s00_si_converter/inst/areset                                                                                                                                 |                3 |             16 |         5.33 |
|  cordic_i/processing_system7_0/inst/FCLK_CLK0 | cordic_i/cordiccart2pol_0/inst/control_s_axi_U/int_x[15]_i_1_n_0                                                                                                | cordic_i/cordiccart2pol_0/inst/control_s_axi_U/SR[0]                                                                                                                                                  |                4 |             16 |         4.00 |
|  cordic_i/processing_system7_0/inst/FCLK_CLK0 | cordic_i/cordiccart2pol_0/inst/control_s_axi_U/ar_hs                                                                                                            |                                                                                                                                                                                                       |                5 |             16 |         3.20 |
|  cordic_i/processing_system7_0/inst/FCLK_CLK0 | cordic_i/cordiccart2pol_0/inst/control_s_axi_U/int_y[15]_i_1_n_0                                                                                                | cordic_i/cordiccart2pol_0/inst/control_s_axi_U/SR[0]                                                                                                                                                  |                3 |             16 |         5.33 |
|  cordic_i/processing_system7_0/inst/FCLK_CLK0 | cordic_i/cordiccart2pol_0/inst/grp_cordiccart2pol_Pipeline_VITIS_LOOP_115_1_fu_146/E[0]                                                                         |                                                                                                                                                                                                       |                4 |             16 |         4.00 |
|  cordic_i/processing_system7_0/inst/FCLK_CLK0 | cordic_i/cordiccart2pol_0/inst/ap_CS_fsm_state6                                                                                                                 | cordic_i/cordiccart2pol_0/inst/control_s_axi_U/SR[0]                                                                                                                                                  |                5 |             16 |         3.20 |
|  cordic_i/processing_system7_0/inst/FCLK_CLK0 | cordic_i/axi_smc/inst/s00_nodes/s00_w_node/inst/inst_mi_handler/gen_normal_area.inst_fifo_node_payld/gen_reg_fifo.inst_reg_fifo/gen_single_rank.inst_cntr/E[0]  |                                                                                                                                                                                                       |                5 |             18 |         3.60 |
|  cordic_i/processing_system7_0/inst/FCLK_CLK0 | cordic_i/axi_smc/inst/s00_entry_pipeline/s00_mmu/inst/aw_reg_stall/m_vector_i                                                                                   |                                                                                                                                                                                                       |                4 |             20 |         5.00 |
|  cordic_i/processing_system7_0/inst/FCLK_CLK0 | cordic_i/axi_smc/inst/s00_entry_pipeline/s00_mmu/inst/aw_reg_stall/skid_buffer[1136]_i_1__0_n_0                                                                 |                                                                                                                                                                                                       |                5 |             20 |         4.00 |
|  cordic_i/processing_system7_0/inst/FCLK_CLK0 |                                                                                                                                                                 | cordic_i/axi_smc/inst/s00_entry_pipeline/s00_si_converter/inst/areset                                                                                                                                 |               12 |             22 |         1.83 |
|  cordic_i/processing_system7_0/inst/FCLK_CLK0 |                                                                                                                                                                 | cordic_i/axi_smc/inst/s00_entry_pipeline/s00_mmu/inst/areset                                                                                                                                          |               12 |             23 |         1.92 |
|  cordic_i/processing_system7_0/inst/FCLK_CLK0 | cordic_i/axi_smc/inst/s00_entry_pipeline/s00_mmu/inst/ar_reg_stall/skid_buffer[1136]_i_1_n_0                                                                    |                                                                                                                                                                                                       |                9 |             24 |         2.67 |
|  cordic_i/processing_system7_0/inst/FCLK_CLK0 | cordic_i/axi_smc/inst/s00_entry_pipeline/s00_mmu/inst/ar_reg_stall/m_vector_i                                                                                   |                                                                                                                                                                                                       |                7 |             24 |         3.43 |
|  cordic_i/processing_system7_0/inst/FCLK_CLK0 |                                                                                                                                                                 | cordic_i/cordiccart2pol_0/inst/control_s_axi_U/SR[0]                                                                                                                                                  |               10 |             30 |         3.00 |
|  cordic_i/processing_system7_0/inst/FCLK_CLK0 | cordic_i/cordiccart2pol_0/inst/ap_CS_fsm_state1                                                                                                                 |                                                                                                                                                                                                       |                9 |             33 |         3.67 |
|  cordic_i/processing_system7_0/inst/FCLK_CLK0 | cordic_i/cordiccart2pol_0/inst/grp_cordiccart2pol_Pipeline_VITIS_LOOP_115_1_fu_146/flow_control_loop_pipe_sequential_init_U/E[0]                                |                                                                                                                                                                                                       |               12 |             48 |         4.00 |
|  cordic_i/processing_system7_0/inst/FCLK_CLK0 | cordic_i/cordiccart2pol_0/inst/grp_cordiccart2pol_Pipeline_VITIS_LOOP_115_1_fu_146/ap_CS_fsm_pp0_stage1                                                         |                                                                                                                                                                                                       |               26 |             78 |         3.00 |
|  cordic_i/processing_system7_0/inst/FCLK_CLK0 |                                                                                                                                                                 |                                                                                                                                                                                                       |               41 |            122 |         2.98 |
+-----------------------------------------------+-----------------------------------------------------------------------------------------------------------------------------------------------------------------+-------------------------------------------------------------------------------------------------------------------------------------------------------------------------------------------------------+------------------+----------------+--------------+


